Using pre-set license
Built from '2021.3/staging' branch; Version is '2021.3.18f1 (3129e69bc0c7) revision 3221990'; Using compiler version '192829333'; Build Type 'Release'
OS: 'Windows 11  (10.0.22621) 64bit Professional' Language: 'tr' Physical Memory: 16294 MB
BatchMode: 1, IsHumanControllingUs: 0, StartBugReporterOnCrash: 0, Is64bit: 1, IsPro: 1

COMMAND LINE ARGUMENTS:
C:\Program Files\Unity\Hub\Editor\2021.3.18f1\Editor\Unity.exe
-adb2
-batchMode
-noUpm
-name
AssetImportWorker0
-projectPath
C:/Users/Teknogenetik/Desktop/Projects/ProjectX-3D-PC/PersonalProject
-logFile
Logs/AssetImportWorker0.log
-srvPort
50526
Successfully changed project path to: C:/Users/Teknogenetik/Desktop/Projects/ProjectX-3D-PC/PersonalProject
C:/Users/Teknogenetik/Desktop/Projects/ProjectX-3D-PC/PersonalProject
[UnityMemory] Configuration Parameters - Can be set up in boot.config
    "memorysetup-bucket-allocator-granularity=16"
    "memorysetup-bucket-allocator-bucket-count=8"
    "memorysetup-bucket-allocator-block-size=33554432"
    "memorysetup-bucket-allocator-block-count=8"
    "memorysetup-main-allocator-block-size=16777216"
    "memorysetup-thread-allocator-block-size=16777216"
    "memorysetup-gfx-main-allocator-block-size=16777216"
    "memorysetup-gfx-thread-allocator-block-size=16777216"
    "memorysetup-cache-allocator-block-size=4194304"
    "memorysetup-typetree-allocator-block-size=2097152"
    "memorysetup-profiler-bucket-allocator-granularity=16"
    "memorysetup-profiler-bucket-allocator-bucket-count=8"
    "memorysetup-profiler-bucket-allocator-block-size=33554432"
    "memorysetup-profiler-bucket-allocator-block-count=8"
    "memorysetup-profiler-allocator-block-size=16777216"
    "memorysetup-profiler-editor-allocator-block-size=1048576"
    "memorysetup-temp-allocator-size-main=16777216"
    "memorysetup-job-temp-allocator-block-size=2097152"
    "memorysetup-job-temp-allocator-block-size-background=1048576"
    "memorysetup-job-temp-allocator-reduction-small-platforms=262144"
    "memorysetup-temp-allocator-size-background-worker=32768"
    "memorysetup-temp-allocator-size-job-worker=262144"
    "memorysetup-temp-allocator-size-preload-manager=33554432"
    "memorysetup-temp-allocator-size-nav-mesh-worker=65536"
    "memorysetup-temp-allocator-size-audio-worker=65536"
    "memorysetup-temp-allocator-size-cloud-worker=32768"
    "memorysetup-temp-allocator-size-gi-baking-worker=262144"
    "memorysetup-temp-allocator-size-gfx=262144"
Player connection [12492] Host "[IP] 192.168.1.107 [Port] 0 [Flags] 2 [Guid] 1965681335 [EditorId] 1965681335 [Version] 1048832 [Id] WindowsEditor(7,DESKTOP-R6GLIQM) [Debug] 1 [PackageName] WindowsEditor [ProjectName] Editor" joined multi-casting on [225.0.0.222:54997]...

Player connection [12492] Host "[IP] 192.168.1.107 [Port] 0 [Flags] 2 [Guid] 1965681335 [EditorId] 1965681335 [Version] 1048832 [Id] WindowsEditor(7,DESKTOP-R6GLIQM) [Debug] 1 [PackageName] WindowsEditor [ProjectName] Editor" joined alternative multi-casting on [225.0.0.222:34997]...

Refreshing native plugins compatible for Editor in 132.06 ms, found 5 plugins.
Preloading 0 native plugins for Editor in 0.00 ms.
Initialize engine version: 2021.3.18f1 (3129e69bc0c7)
[Subsystems] Discovering subsystems at path C:/Program Files/Unity/Hub/Editor/2021.3.18f1/Editor/Data/Resources/UnitySubsystems
[Subsystems] Discovering subsystems at path C:/Users/Teknogenetik/Desktop/Projects/ProjectX-3D-PC/PersonalProject/Assets
GfxDevice: creating device client; threaded=0; jobified=0
Direct3D:
    Version:  Direct3D 11.0 [level 11.1]
    Renderer: AMD Radeon RX 6600 XT (ID=0x73ff)
    Vendor:   ATI
    VRAM:     8147 MB
    Driver:   31.0.21023.2010
Initialize mono
Mono path[0] = 'C:/Program Files/Unity/Hub/Editor/2021.3.18f1/Editor/Data/Managed'
Mono path[1] = 'C:/Program Files/Unity/Hub/Editor/2021.3.18f1/Editor/Data/MonoBleedingEdge/lib/mono/unityjit-win32'
Mono config path = 'C:/Program Files/Unity/Hub/Editor/2021.3.18f1/Editor/Data/MonoBleedingEdge/etc'
Using monoOptions --debugger-agent=transport=dt_socket,embedding=1,server=y,suspend=n,address=127.0.0.1:56656
Begin MonoManager ReloadAssembly
Registering precompiled unity dll's ...
Register platform support module: C:/Program Files/Unity/Hub/Editor/2021.3.18f1/Editor/Data/PlaybackEngines/AndroidPlayer/UnityEditor.Android.Extensions.dll
Register platform support module: C:/Program Files/Unity/Hub/Editor/2021.3.18f1/Editor/Data/PlaybackEngines/WindowsStandaloneSupport/UnityEditor.WindowsStandalone.Extensions.dll
Registered in 0.004273 seconds.
Native extension for WindowsStandalone target not found
Native extension for Android target not found
Android Extension - Scanning For ADB Devices 207 ms
Refreshing native plugins compatible for Editor in 125.92 ms, found 5 plugins.
Preloading 0 native plugins for Editor in 0.00 ms.
Mono: successfully reloaded assembly
- Completed reload, in  0.762 seconds
Domain Reload Profiling:
	ReloadAssembly (762ms)
		BeginReloadAssembly (52ms)
			ExecutionOrderSort (0ms)
			DisableScriptedObjects (0ms)
			BackupInstance (0ms)
			ReleaseScriptingObjects (0ms)
			CreateAndSetChildDomain (1ms)
		EndReloadAssembly (626ms)
			LoadAssemblies (51ms)
			RebuildTransferFunctionScriptingTraits (0ms)
			SetupTypeCache (82ms)
			ReleaseScriptCaches (0ms)
			RebuildScriptCaches (18ms)
			SetupLoadedEditorAssemblies (486ms)
				LogAssemblyErrors (0ms)
				InitializePlatformSupportModulesInManaged (259ms)
				SetLoadedEditorAssemblies (0ms)
				RefreshPlugins (126ms)
				BeforeProcessingInitializeOnLoad (1ms)
				ProcessInitializeOnLoadAttributes (67ms)
				ProcessInitializeOnLoadMethodAttributes (32ms)
				AfterProcessingInitializeOnLoad (0ms)
				EditorAssembliesLoaded (0ms)
			ExecutionOrderSort2 (0ms)
			AwakeInstancesAfterBackupRestoration (0ms)
Platform modules already initialized, skipping
Registering precompiled user dll's ...
Registered in 0.004952 seconds.
Begin MonoManager ReloadAssembly
Symbol file LoadedFromMemory doesn't match image C:\Users\Teknogenetik\Desktop\Projects\ProjectX-3D-PC\PersonalProject\Library\PackageCache\com.unity.visualscripting@1.8.0\Editor\VisualScripting.Core\Dependencies\YamlDotNet\Unity.VisualScripting.YamlDotNet.dll
Symbol file LoadedFromMemory doesn't match image C:\Users\Teknogenetik\Desktop\Projects\ProjectX-3D-PC\PersonalProject\Library\PackageCache\com.unity.visualscripting@1.8.0\Editor\VisualScripting.Core\Dependencies\DotNetZip\Unity.VisualScripting.IonicZip.dll
Native extension for WindowsStandalone target not found
Native extension for Android target not found
Refreshing native plugins compatible for Editor in 135.68 ms, found 5 plugins.
Preloading 0 native plugins for Editor in 0.00 ms.
Mono: successfully reloaded assembly
- Completed reload, in  1.290 seconds
Domain Reload Profiling:
	ReloadAssembly (1291ms)
		BeginReloadAssembly (100ms)
			ExecutionOrderSort (0ms)
			DisableScriptedObjects (5ms)
			BackupInstance (0ms)
			ReleaseScriptingObjects (0ms)
			CreateAndSetChildDomain (24ms)
		EndReloadAssembly (1084ms)
			LoadAssemblies (78ms)
			RebuildTransferFunctionScriptingTraits (0ms)
			SetupTypeCache (256ms)
			ReleaseScriptCaches (1ms)
			RebuildScriptCaches (68ms)
			SetupLoadedEditorAssemblies (650ms)
				LogAssemblyErrors (0ms)
				InitializePlatformSupportModulesInManaged (12ms)
				SetLoadedEditorAssemblies (0ms)
				RefreshPlugins (136ms)
				BeforeProcessingInitializeOnLoad (112ms)
				ProcessInitializeOnLoadAttributes (336ms)
				ProcessInitializeOnLoadMethodAttributes (48ms)
				AfterProcessingInitializeOnLoad (7ms)
				EditorAssembliesLoaded (0ms)
			ExecutionOrderSort2 (0ms)
			AwakeInstancesAfterBackupRestoration (4ms)
Platform modules already initialized, skipping
========================================================================
Worker process is ready to serve import requests
Launched and connected shader compiler UnityShaderCompiler.exe after 0.03 seconds
Refreshing native plugins compatible for Editor in 1.23 ms, found 5 plugins.
Preloading 0 native plugins for Editor in 0.00 ms.
Unloading 6907 Unused Serialized files (Serialized files now loaded: 0)
Unloading 175 unused Assets / (13.2 MB). Loaded Objects now: 7276.
Memory consumption went from 348.9 MB to 335.7 MB.
Total: 5.330400 ms (FindLiveObjects: 0.434000 ms CreateObjectMapping: 0.361700 ms MarkObjects: 2.508400 ms  DeleteObjects: 2.025600 ms)

AssetImportParameters requested are different than current active one (requested -> active):
  custom:video-decoder-ogg-theora: a1e56fd34408186e4bbccfd4996cb3dc -> 
  custom:container-muxer-webm: aa71ff27fc2769a1b78a27578f13a17b -> 
  custom:container-demuxer-webm: 4f35f7cbe854078d1ac9338744f61a02 -> 
  custom:video-encoder-webm-vp8: eb34c28f22e8b96e1ab97ce403110664 -> 
  custom:video-codec-MediaFoundation-h265: 746d11721c4dcdbdad8f713fa42b33f4 -> 
  custom:audio-encoder-webm-vorbis: bf7c407c2cedff20999df2af8eb42d56 -> 
  custom:framework-win-MediaFoundation: 216162199b28c13a410421893ffa2e32 -> 
  custom:container-demuxer-ogg: 62fdf1f143b41e24485cea50d1cbac27 -> 
  custom:video-decoder-webm-vp8: 9c59270c3fd7afecdb556c50c9e8de78 -> 
  custom:audio-decoder-ogg-vorbis: bf7c407c2cedff20999df2af8eb42d56 -> 
========================================================================
Received Import Request.
  Time since last request: 10950.044301 seconds.
  path: Assets/TerrainPalette.asset
  artifactKey: Guid(f995ff4407d5d91408e5da318c9ce1e8) Importer(815301076,1909f56bfc062723c751e8b465ee728b)
Start importing Assets/TerrainPalette.asset using Guid(f995ff4407d5d91408e5da318c9ce1e8) Importer(815301076,1909f56bfc062723c751e8b465ee728b)  -> (artifact id: 'a1b081025549567ebc5c35c3245f3be8') in 0.038878 seconds 
========================================================================
Received Import Request.
  Time since last request: 4265.203916 seconds.
  path: Assets/New Terrain.asset
  artifactKey: Guid(57f18247938c1fd4585ce9a6878a24d5) Importer(815301076,1909f56bfc062723c751e8b465ee728b)
Start importing Assets/New Terrain.asset using Guid(57f18247938c1fd4585ce9a6878a24d5) Importer(815301076,1909f56bfc062723c751e8b465ee728b)  -> (artifact id: '522b4c524e81135ea55bcdaca3d92835') in 0.092928 seconds 
========================================================================
Received Import Request.
  Time since last request: 0.000049 seconds.
  path: Assets/TerrainData_d9d4f8fa-ff5a-476b-99b3-b71a9507cf92.asset
  artifactKey: Guid(cfcef6d673b98964fbbdbacf4d82fd6a) Importer(815301076,1909f56bfc062723c751e8b465ee728b)
Start importing Assets/TerrainData_d9d4f8fa-ff5a-476b-99b3-b71a9507cf92.asset using Guid(cfcef6d673b98964fbbdbacf4d82fd6a) Importer(815301076,1909f56bfc062723c751e8b465ee728b)  -> (artifact id: 'f83b09a45df83e084f5b9bf8158a11a0') in 0.017606 seconds 
========================================================================
Received Import Request.
  Time since last request: 0.000025 seconds.
  path: Assets/TerrainData_e74fc3da-c8dd-465d-8e8f-023d3fa61e1e.asset
  artifactKey: Guid(1da3f71497dab1f43b8dd5ddeba116f4) Importer(815301076,1909f56bfc062723c751e8b465ee728b)
Start importing Assets/TerrainData_e74fc3da-c8dd-465d-8e8f-023d3fa61e1e.asset using Guid(1da3f71497dab1f43b8dd5ddeba116f4) Importer(815301076,1909f56bfc062723c751e8b465ee728b)  -> (artifact id: 'e1b35403c7bd041756c8f9e7c6fcd353') in 0.015330 seconds 
========================================================================
Received Import Request.
  Time since last request: 0.000032 seconds.
  path: Assets/TerrainData_8ea494cd-4645-4926-92d6-97f34cae9a40.asset
  artifactKey: Guid(43ab8e73fc791684cbcd4e6e67193a7e) Importer(815301076,1909f56bfc062723c751e8b465ee728b)
Start importing Assets/TerrainData_8ea494cd-4645-4926-92d6-97f34cae9a40.asset using Guid(43ab8e73fc791684cbcd4e6e67193a7e) Importer(815301076,1909f56bfc062723c751e8b465ee728b)  -> (artifact id: '059391448c4be44146c91c039e46fce1') in 0.016271 seconds 
========================================================================
Received Import Request.
  Time since last request: 0.000021 seconds.
  path: Assets/TerrainData_c8d88fd6-df57-4a68-a88e-75197b30fccc.asset
  artifactKey: Guid(a02721c937c72644485306d97b8e286a) Importer(815301076,1909f56bfc062723c751e8b465ee728b)
Start importing Assets/TerrainData_c8d88fd6-df57-4a68-a88e-75197b30fccc.asset using Guid(a02721c937c72644485306d97b8e286a) Importer(815301076,1909f56bfc062723c751e8b465ee728b)  -> (artifact id: '24abea4251680eab113f8393e0c704ee') in 0.015448 seconds 
========================================================================
Received Import Request.
  Time since last request: 0.000015 seconds.
  path: Assets/TerrainData_62714e94-a0f8-49f2-9cdc-08530cb54350.asset
  artifactKey: Guid(e6e3ad67d5fc1294aba530c65cb85398) Importer(815301076,1909f56bfc062723c751e8b465ee728b)
Start importing Assets/TerrainData_62714e94-a0f8-49f2-9cdc-08530cb54350.asset using Guid(e6e3ad67d5fc1294aba530c65cb85398) Importer(815301076,1909f56bfc062723c751e8b465ee728b)  -> (artifact id: '07bbcddfba440800bd4368399ea9b327') in 0.015219 seconds 
========================================================================
Received Import Request.
  Time since last request: 0.000020 seconds.
  path: Assets/TerrainData_38931779-c91d-4edd-8527-85b460600d33.asset
  artifactKey: Guid(f8569651d2ff63c4385160269bf49969) Importer(815301076,1909f56bfc062723c751e8b465ee728b)
Start importing Assets/TerrainData_38931779-c91d-4edd-8527-85b460600d33.asset using Guid(f8569651d2ff63c4385160269bf49969) Importer(815301076,1909f56bfc062723c751e8b465ee728b)  -> (artifact id: '6ce8e76cb2f0f9b22028c45351b0190f') in 0.018104 seconds 
========================================================================
Received Import Request.
  Time since last request: 0.000017 seconds.
  path: Assets/TerrainData_055086e5-ae3b-4aa0-823e-10c277ab7dc5.asset
  artifactKey: Guid(b21e60854d7ef004c83419785d8043ab) Importer(815301076,1909f56bfc062723c751e8b465ee728b)
Start importing Assets/TerrainData_055086e5-ae3b-4aa0-823e-10c277ab7dc5.asset using Guid(b21e60854d7ef004c83419785d8043ab) Importer(815301076,1909f56bfc062723c751e8b465ee728b)  -> (artifact id: '4e4a1b0e6ce3499167fcb5257bbb59d4') in 0.017844 seconds 
========================================================================
Received Import Request.
  Time since last request: 0.000045 seconds.
  path: Assets/TerrainData_bad32e5d-b4e0-4f1e-8742-51e68e8e8691.asset
  artifactKey: Guid(b5936db825f5bc8488f8c18118bed479) Importer(815301076,1909f56bfc062723c751e8b465ee728b)
Start importing Assets/TerrainData_bad32e5d-b4e0-4f1e-8742-51e68e8e8691.asset using Guid(b5936db825f5bc8488f8c18118bed479) Importer(815301076,1909f56bfc062723c751e8b465ee728b)  -> (artifact id: 'ba6f0210afba8096abd78aeb9847358d') in 0.017152 seconds 
========================================================================
Received Import Request.
  Time since last request: 0.000018 seconds.
  path: Assets/TerrainData_32155315-d015-4443-9187-f95c10dbadc1.asset
  artifactKey: Guid(cb3f77495eccd1a48ab7922c29edbb78) Importer(815301076,1909f56bfc062723c751e8b465ee728b)
Start importing Assets/TerrainData_32155315-d015-4443-9187-f95c10dbadc1.asset using Guid(cb3f77495eccd1a48ab7922c29edbb78) Importer(815301076,1909f56bfc062723c751e8b465ee728b)  -> (artifact id: 'b973f4bb0f23935e2ac2043abe67a968') in 0.018528 seconds 
========================================================================
Received Import Request.
  Time since last request: 0.000020 seconds.
  path: Assets/TerrainData_ffcccd98-71ad-4b79-b766-54bf1a6d761d.asset
  artifactKey: Guid(ca8f0ae54472159458b2eaa841d8f24b) Importer(815301076,1909f56bfc062723c751e8b465ee728b)
Start importing Assets/TerrainData_ffcccd98-71ad-4b79-b766-54bf1a6d761d.asset using Guid(ca8f0ae54472159458b2eaa841d8f24b) Importer(815301076,1909f56bfc062723c751e8b465ee728b)  -> (artifact id: '87db971e7fe5bfb1642e49af343766a2') in 0.017111 seconds 
========================================================================
Received Import Request.
  Time since last request: 0.000021 seconds.
  path: Assets/TerrainData_f20a3e31-155f-4d00-a519-c2ac79e2b333.asset
  artifactKey: Guid(f4c8dfc82940a824f8647e7a44d48e33) Importer(815301076,1909f56bfc062723c751e8b465ee728b)
Start importing Assets/TerrainData_f20a3e31-155f-4d00-a519-c2ac79e2b333.asset using Guid(f4c8dfc82940a824f8647e7a44d48e33) Importer(815301076,1909f56bfc062723c751e8b465ee728b)  -> (artifact id: '44f58209d0e16ea39a058aab51887791') in 0.017554 seconds 
