Using pre-set license
Built from '2021.3/staging' branch; Version is '2021.3.18f1 (3129e69bc0c7) revision 3221990'; Using compiler version '192829333'; Build Type 'Release'
OS: 'Windows 11  (10.0.22621) 64bit Professional' Language: 'tr' Physical Memory: 16294 MB
BatchMode: 1, IsHumanControllingUs: 0, StartBugReporterOnCrash: 0, Is64bit: 1, IsPro: 1

COMMAND LINE ARGUMENTS:
C:\Program Files\Unity\Hub\Editor\2021.3.18f1\Editor\Unity.exe
-adb2
-batchMode
-noUpm
-name
AssetImportWorker5
-projectPath
C:/Users/Teknogenetik/Desktop/Projects/ProjectX-3D-PC/PersonalProject
-logFile
Logs/AssetImportWorker5.log
-srvPort
58764
Successfully changed project path to: C:/Users/Teknogenetik/Desktop/Projects/ProjectX-3D-PC/PersonalProject
C:/Users/Teknogenetik/Desktop/Projects/ProjectX-3D-PC/PersonalProject
[UnityMemory] Configuration Parameters - Can be set up in boot.config
    "memorysetup-bucket-allocator-granularity=16"
    "memorysetup-bucket-allocator-bucket-count=8"
    "memorysetup-bucket-allocator-block-size=33554432"
    "memorysetup-bucket-allocator-block-count=8"
    "memorysetup-main-allocator-block-size=16777216"
    "memorysetup-thread-allocator-block-size=16777216"
    "memorysetup-gfx-main-allocator-block-size=16777216"
    "memorysetup-gfx-thread-allocator-block-size=16777216"
    "memorysetup-cache-allocator-block-size=4194304"
    "memorysetup-typetree-allocator-block-size=2097152"
    "memorysetup-profiler-bucket-allocator-granularity=16"
    "memorysetup-profiler-bucket-allocator-bucket-count=8"
    "memorysetup-profiler-bucket-allocator-block-size=33554432"
    "memorysetup-profiler-bucket-allocator-block-count=8"
    "memorysetup-profiler-allocator-block-size=16777216"
    "memorysetup-profiler-editor-allocator-block-size=1048576"
    "memorysetup-temp-allocator-size-main=16777216"
    "memorysetup-job-temp-allocator-block-size=2097152"
    "memorysetup-job-temp-allocator-block-size-background=1048576"
    "memorysetup-job-temp-allocator-reduction-small-platforms=262144"
    "memorysetup-temp-allocator-size-background-worker=32768"
    "memorysetup-temp-allocator-size-job-worker=262144"
    "memorysetup-temp-allocator-size-preload-manager=33554432"
    "memorysetup-temp-allocator-size-nav-mesh-worker=65536"
    "memorysetup-temp-allocator-size-audio-worker=65536"
    "memorysetup-temp-allocator-size-cloud-worker=32768"
    "memorysetup-temp-allocator-size-gi-baking-worker=262144"
    "memorysetup-temp-allocator-size-gfx=262144"
Player connection [8452] Host "[IP] 192.168.1.105 [Port] 0 [Flags] 2 [Guid] 2674294092 [EditorId] 2674294092 [Version] 1048832 [Id] WindowsEditor(7,DESKTOP-R6GLIQM) [Debug] 1 [PackageName] WindowsEditor [ProjectName] Editor" joined multi-casting on [225.0.0.222:54997]...

Player connection [8452] Host "[IP] 192.168.1.105 [Port] 0 [Flags] 2 [Guid] 2674294092 [EditorId] 2674294092 [Version] 1048832 [Id] WindowsEditor(7,DESKTOP-R6GLIQM) [Debug] 1 [PackageName] WindowsEditor [ProjectName] Editor" joined alternative multi-casting on [225.0.0.222:34997]...

Refreshing native plugins compatible for Editor in 154.56 ms, found 5 plugins.
Preloading 0 native plugins for Editor in 0.00 ms.
Initialize engine version: 2021.3.18f1 (3129e69bc0c7)
[Subsystems] Discovering subsystems at path C:/Program Files/Unity/Hub/Editor/2021.3.18f1/Editor/Data/Resources/UnitySubsystems
[Subsystems] Discovering subsystems at path C:/Users/Teknogenetik/Desktop/Projects/ProjectX-3D-PC/PersonalProject/Assets
GfxDevice: creating device client; threaded=0; jobified=0
Direct3D:
    Version:  Direct3D 11.0 [level 11.1]
    Renderer: AMD Radeon RX 6600 XT (ID=0x73ff)
    Vendor:   ATI
    VRAM:     8147 MB
    Driver:   31.0.21023.2010
Initialize mono
Mono path[0] = 'C:/Program Files/Unity/Hub/Editor/2021.3.18f1/Editor/Data/Managed'
Mono path[1] = 'C:/Program Files/Unity/Hub/Editor/2021.3.18f1/Editor/Data/MonoBleedingEdge/lib/mono/unityjit-win32'
Mono config path = 'C:/Program Files/Unity/Hub/Editor/2021.3.18f1/Editor/Data/MonoBleedingEdge/etc'
Using monoOptions --debugger-agent=transport=dt_socket,embedding=1,server=y,suspend=n,address=127.0.0.1:56612
Begin MonoManager ReloadAssembly
Registering precompiled unity dll's ...
Register platform support module: C:/Program Files/Unity/Hub/Editor/2021.3.18f1/Editor/Data/PlaybackEngines/AndroidPlayer/UnityEditor.Android.Extensions.dll
Register platform support module: C:/Program Files/Unity/Hub/Editor/2021.3.18f1/Editor/Data/PlaybackEngines/WindowsStandaloneSupport/UnityEditor.WindowsStandalone.Extensions.dll
Registered in 0.003752 seconds.
Native extension for WindowsStandalone target not found
Native extension for Android target not found
Android Extension - Scanning For ADB Devices 197 ms
Refreshing native plugins compatible for Editor in 138.88 ms, found 5 plugins.
Preloading 0 native plugins for Editor in 0.00 ms.
Mono: successfully reloaded assembly
- Completed reload, in  0.802 seconds
Domain Reload Profiling:
	ReloadAssembly (802ms)
		BeginReloadAssembly (58ms)
			ExecutionOrderSort (0ms)
			DisableScriptedObjects (0ms)
			BackupInstance (0ms)
			ReleaseScriptingObjects (0ms)
			CreateAndSetChildDomain (1ms)
		EndReloadAssembly (652ms)
			LoadAssemblies (56ms)
			RebuildTransferFunctionScriptingTraits (0ms)
			SetupTypeCache (97ms)
			ReleaseScriptCaches (0ms)
			RebuildScriptCaches (21ms)
			SetupLoadedEditorAssemblies (493ms)
				LogAssemblyErrors (0ms)
				InitializePlatformSupportModulesInManaged (253ms)
				SetLoadedEditorAssemblies (0ms)
				RefreshPlugins (139ms)
				BeforeProcessingInitializeOnLoad (1ms)
				ProcessInitializeOnLoadAttributes (70ms)
				ProcessInitializeOnLoadMethodAttributes (30ms)
				AfterProcessingInitializeOnLoad (0ms)
				EditorAssembliesLoaded (0ms)
			ExecutionOrderSort2 (0ms)
			AwakeInstancesAfterBackupRestoration (0ms)
Platform modules already initialized, skipping
Registering precompiled user dll's ...
Registered in 0.005046 seconds.
Begin MonoManager ReloadAssembly
Symbol file LoadedFromMemory doesn't match image C:\Users\Teknogenetik\Desktop\Projects\ProjectX-3D-PC\PersonalProject\Library\PackageCache\com.unity.visualscripting@1.8.0\Editor\VisualScripting.Core\Dependencies\YamlDotNet\Unity.VisualScripting.YamlDotNet.dll
Symbol file LoadedFromMemory doesn't match image C:\Users\Teknogenetik\Desktop\Projects\ProjectX-3D-PC\PersonalProject\Library\PackageCache\com.unity.visualscripting@1.8.0\Editor\VisualScripting.Core\Dependencies\DotNetZip\Unity.VisualScripting.IonicZip.dll
Native extension for WindowsStandalone target not found
Native extension for Android target not found
Refreshing native plugins compatible for Editor in 122.97 ms, found 5 plugins.
Preloading 0 native plugins for Editor in 0.00 ms.
Mono: successfully reloaded assembly
- Completed reload, in  1.195 seconds
Domain Reload Profiling:
	ReloadAssembly (1195ms)
		BeginReloadAssembly (79ms)
			ExecutionOrderSort (0ms)
			DisableScriptedObjects (5ms)
			BackupInstance (0ms)
			ReleaseScriptingObjects (0ms)
			CreateAndSetChildDomain (15ms)
		EndReloadAssembly (1028ms)
			LoadAssemblies (69ms)
			RebuildTransferFunctionScriptingTraits (0ms)
			SetupTypeCache (246ms)
			ReleaseScriptCaches (1ms)
			RebuildScriptCaches (66ms)
			SetupLoadedEditorAssemblies (609ms)
				LogAssemblyErrors (0ms)
				InitializePlatformSupportModulesInManaged (11ms)
				SetLoadedEditorAssemblies (0ms)
				RefreshPlugins (123ms)
				BeforeProcessingInitializeOnLoad (104ms)
				ProcessInitializeOnLoadAttributes (321ms)
				ProcessInitializeOnLoadMethodAttributes (45ms)
				AfterProcessingInitializeOnLoad (5ms)
				EditorAssembliesLoaded (0ms)
			ExecutionOrderSort2 (0ms)
			AwakeInstancesAfterBackupRestoration (4ms)
Platform modules already initialized, skipping
========================================================================
Worker process is ready to serve import requests
Launched and connected shader compiler UnityShaderCompiler.exe after 0.03 seconds
Refreshing native plugins compatible for Editor in 1.17 ms, found 5 plugins.
Preloading 0 native plugins for Editor in 0.00 ms.
Unloading 6905 Unused Serialized files (Serialized files now loaded: 0)
Unloading 175 unused Assets / (13.2 MB). Loaded Objects now: 7274.
Memory consumption went from 348.1 MB to 334.9 MB.
Total: 5.294000 ms (FindLiveObjects: 0.423000 ms CreateObjectMapping: 0.331000 ms MarkObjects: 2.562400 ms  DeleteObjects: 1.977100 ms)

AssetImportParameters requested are different than current active one (requested -> active):
  custom:video-decoder-ogg-theora: a1e56fd34408186e4bbccfd4996cb3dc -> 
  custom:container-muxer-webm: aa71ff27fc2769a1b78a27578f13a17b -> 
  custom:container-demuxer-webm: 4f35f7cbe854078d1ac9338744f61a02 -> 
  custom:video-encoder-webm-vp8: eb34c28f22e8b96e1ab97ce403110664 -> 
  custom:video-codec-MediaFoundation-h265: 746d11721c4dcdbdad8f713fa42b33f4 -> 
  custom:audio-encoder-webm-vorbis: bf7c407c2cedff20999df2af8eb42d56 -> 
  custom:framework-win-MediaFoundation: 216162199b28c13a410421893ffa2e32 -> 
  custom:container-demuxer-ogg: 62fdf1f143b41e24485cea50d1cbac27 -> 
  custom:video-decoder-webm-vp8: 9c59270c3fd7afecdb556c50c9e8de78 -> 
  custom:audio-decoder-ogg-vorbis: bf7c407c2cedff20999df2af8eb42d56 -> 
========================================================================
Received Import Request.
  Time since last request: 48550.913642 seconds.
  path: Assets/TerrainSampleAssets/Textures/Details/Bush_A_MaskMap.tif
  artifactKey: Guid(0e1771a5cd057014db71494d5a458d40) Importer(815301076,1909f56bfc062723c751e8b465ee728b)
Start importing Assets/TerrainSampleAssets/Textures/Details/Bush_A_MaskMap.tif using Guid(0e1771a5cd057014db71494d5a458d40) Importer(815301076,1909f56bfc062723c751e8b465ee728b)  -> (artifact id: '0052a60e64cf0e2106763a11f33d30dc') in 0.080298 seconds 
========================================================================
Received Import Request.
  Time since last request: 37.315492 seconds.
  path: Assets/TerrainSampleAssets/ShaderGraphs/Subgraphs/MainLight.shadersubgraph
  artifactKey: Guid(22848ae0b35f9cb4f830ade382bd4f44) Importer(815301076,1909f56bfc062723c751e8b465ee728b)
Start importing Assets/TerrainSampleAssets/ShaderGraphs/Subgraphs/MainLight.shadersubgraph using Guid(22848ae0b35f9cb4f830ade382bd4f44) Importer(815301076,1909f56bfc062723c751e8b465ee728b)  -> (artifact id: '10f217febc6165eca5b79225e4e6ed4c') in 0.011079 seconds 
========================================================================
Received Import Request.
  Time since last request: 0.000017 seconds.
  path: Assets/TerrainSampleAssets/ShaderGraphs/Subgraphs/PipelineSwitch.shadersubgraph
  artifactKey: Guid(31fa38c326a958b4c85964d5d54981a0) Importer(815301076,1909f56bfc062723c751e8b465ee728b)
Start importing Assets/TerrainSampleAssets/ShaderGraphs/Subgraphs/PipelineSwitch.shadersubgraph using Guid(31fa38c326a958b4c85964d5d54981a0) Importer(815301076,1909f56bfc062723c751e8b465ee728b)  -> (artifact id: 'f7c88f6769dd33a6009ff84003a465bd') in 0.007192 seconds 
========================================================================
Received Prepare
Registering precompiled user dll's ...
Registered in 0.005041 seconds.
Begin MonoManager ReloadAssembly
Symbol file LoadedFromMemory doesn't match image C:\Users\Teknogenetik\Desktop\Projects\ProjectX-3D-PC\PersonalProject\Library\PackageCache\com.unity.visualscripting@1.8.0\Editor\VisualScripting.Core\Dependencies\YamlDotNet\Unity.VisualScripting.YamlDotNet.dll
Symbol file LoadedFromMemory doesn't match image C:\Users\Teknogenetik\Desktop\Projects\ProjectX-3D-PC\PersonalProject\Library\PackageCache\com.unity.visualscripting@1.8.0\Editor\VisualScripting.Core\Dependencies\DotNetZip\Unity.VisualScripting.IonicZip.dll
Native extension for WindowsStandalone target not found
Native extension for Android target not found
Refreshing native plugins compatible for Editor in 1.17 ms, found 5 plugins.
Preloading 0 native plugins for Editor in 0.00 ms.
Mono: successfully reloaded assembly
- Completed reload, in  1.206 seconds
Domain Reload Profiling:
	ReloadAssembly (1207ms)
		BeginReloadAssembly (117ms)
			ExecutionOrderSort (0ms)
			DisableScriptedObjects (5ms)
			BackupInstance (0ms)
			ReleaseScriptingObjects (0ms)
			CreateAndSetChildDomain (40ms)
		EndReloadAssembly (1005ms)
			LoadAssemblies (73ms)
			RebuildTransferFunctionScriptingTraits (0ms)
			SetupTypeCache (265ms)
			ReleaseScriptCaches (3ms)
			RebuildScriptCaches (63ms)
			SetupLoadedEditorAssemblies (533ms)
				LogAssemblyErrors (0ms)
				InitializePlatformSupportModulesInManaged (21ms)
				SetLoadedEditorAssemblies (0ms)
				RefreshPlugins (1ms)
				BeforeProcessingInitializeOnLoad (90ms)
				ProcessInitializeOnLoadAttributes (387ms)
				ProcessInitializeOnLoadMethodAttributes (28ms)
				AfterProcessingInitializeOnLoad (6ms)
				EditorAssembliesLoaded (0ms)
			ExecutionOrderSort2 (0ms)
			AwakeInstancesAfterBackupRestoration (14ms)
Platform modules already initialized, skipping
Refreshing native plugins compatible for Editor in 4.74 ms, found 5 plugins.
Preloading 0 native plugins for Editor in 0.00 ms.
Unloading 6626 Unused Serialized files (Serialized files now loaded: 0)
Unloading 157 unused Assets / (13.2 MB). Loaded Objects now: 7280.
Memory consumption went from 326.1 MB to 313.0 MB.
Total: 6.658600 ms (FindLiveObjects: 0.679300 ms CreateObjectMapping: 0.407400 ms MarkObjects: 3.214800 ms  DeleteObjects: 2.356100 ms)

AssetImportParameters requested are different than current active one (requested -> active):
  custom:video-decoder-ogg-theora: a1e56fd34408186e4bbccfd4996cb3dc -> 
  custom:container-muxer-webm: aa71ff27fc2769a1b78a27578f13a17b -> 
  custom:container-demuxer-webm: 4f35f7cbe854078d1ac9338744f61a02 -> 
  custom:video-encoder-webm-vp8: eb34c28f22e8b96e1ab97ce403110664 -> 
  custom:video-codec-MediaFoundation-h265: 746d11721c4dcdbdad8f713fa42b33f4 -> 
  custom:audio-encoder-webm-vorbis: bf7c407c2cedff20999df2af8eb42d56 -> 
  custom:framework-win-MediaFoundation: 216162199b28c13a410421893ffa2e32 -> 
  custom:container-demuxer-ogg: 62fdf1f143b41e24485cea50d1cbac27 -> 
  custom:video-decoder-webm-vp8: 9c59270c3fd7afecdb556c50c9e8de78 -> 
  custom:audio-decoder-ogg-vorbis: bf7c407c2cedff20999df2af8eb42d56 -> 
========================================================================
Received Prepare
Registering precompiled user dll's ...
Registered in 0.005353 seconds.
Begin MonoManager ReloadAssembly
Symbol file LoadedFromMemory doesn't match image C:\Users\Teknogenetik\Desktop\Projects\ProjectX-3D-PC\PersonalProject\Library\PackageCache\com.unity.visualscripting@1.8.0\Editor\VisualScripting.Core\Dependencies\YamlDotNet\Unity.VisualScripting.YamlDotNet.dll
Symbol file LoadedFromMemory doesn't match image C:\Users\Teknogenetik\Desktop\Projects\ProjectX-3D-PC\PersonalProject\Library\PackageCache\com.unity.visualscripting@1.8.0\Editor\VisualScripting.Core\Dependencies\DotNetZip\Unity.VisualScripting.IonicZip.dll
Native extension for WindowsStandalone target not found
Native extension for Android target not found
Refreshing native plugins compatible for Editor in 1.22 ms, found 5 plugins.
Preloading 0 native plugins for Editor in 0.00 ms.
Mono: successfully reloaded assembly
- Completed reload, in  1.076 seconds
Domain Reload Profiling:
	ReloadAssembly (1077ms)
		BeginReloadAssembly (115ms)
			ExecutionOrderSort (0ms)
			DisableScriptedObjects (4ms)
			BackupInstance (0ms)
			ReleaseScriptingObjects (0ms)
			CreateAndSetChildDomain (38ms)
		EndReloadAssembly (877ms)
			LoadAssemblies (74ms)
			RebuildTransferFunctionScriptingTraits (0ms)
			SetupTypeCache (256ms)
			ReleaseScriptCaches (2ms)
			RebuildScriptCaches (56ms)
			SetupLoadedEditorAssemblies (432ms)
				LogAssemblyErrors (0ms)
				InitializePlatformSupportModulesInManaged (19ms)
				SetLoadedEditorAssemblies (0ms)
				RefreshPlugins (1ms)
				BeforeProcessingInitializeOnLoad (83ms)
				ProcessInitializeOnLoadAttributes (299ms)
				ProcessInitializeOnLoadMethodAttributes (24ms)
				AfterProcessingInitializeOnLoad (5ms)
				EditorAssembliesLoaded (0ms)
			ExecutionOrderSort2 (0ms)
			AwakeInstancesAfterBackupRestoration (12ms)
Platform modules already initialized, skipping
Refreshing native plugins compatible for Editor in 2.95 ms, found 5 plugins.
Preloading 0 native plugins for Editor in 0.00 ms.
Unloading 6626 Unused Serialized files (Serialized files now loaded: 0)
Unloading 157 unused Assets / (13.2 MB). Loaded Objects now: 7283.
Memory consumption went from 326.2 MB to 313.0 MB.
Total: 5.917600 ms (FindLiveObjects: 0.402100 ms CreateObjectMapping: 0.364600 ms MarkObjects: 2.907300 ms  DeleteObjects: 2.242900 ms)

AssetImportParameters requested are different than current active one (requested -> active):
  custom:video-decoder-ogg-theora: a1e56fd34408186e4bbccfd4996cb3dc -> 
  custom:container-muxer-webm: aa71ff27fc2769a1b78a27578f13a17b -> 
  custom:container-demuxer-webm: 4f35f7cbe854078d1ac9338744f61a02 -> 
  custom:video-encoder-webm-vp8: eb34c28f22e8b96e1ab97ce403110664 -> 
  custom:video-codec-MediaFoundation-h265: 746d11721c4dcdbdad8f713fa42b33f4 -> 
  custom:audio-encoder-webm-vorbis: bf7c407c2cedff20999df2af8eb42d56 -> 
  custom:framework-win-MediaFoundation: 216162199b28c13a410421893ffa2e32 -> 
  custom:container-demuxer-ogg: 62fdf1f143b41e24485cea50d1cbac27 -> 
  custom:video-decoder-webm-vp8: 9c59270c3fd7afecdb556c50c9e8de78 -> 
  custom:audio-decoder-ogg-vorbis: bf7c407c2cedff20999df2af8eb42d56 -> 
========================================================================
Received Prepare
Registering precompiled user dll's ...
Registered in 0.005788 seconds.
Begin MonoManager ReloadAssembly
Symbol file LoadedFromMemory doesn't match image C:\Users\Teknogenetik\Desktop\Projects\ProjectX-3D-PC\PersonalProject\Library\PackageCache\com.unity.visualscripting@1.8.0\Editor\VisualScripting.Core\Dependencies\YamlDotNet\Unity.VisualScripting.YamlDotNet.dll
Symbol file LoadedFromMemory doesn't match image C:\Users\Teknogenetik\Desktop\Projects\ProjectX-3D-PC\PersonalProject\Library\PackageCache\com.unity.visualscripting@1.8.0\Editor\VisualScripting.Core\Dependencies\DotNetZip\Unity.VisualScripting.IonicZip.dll
Native extension for WindowsStandalone target not found
Native extension for Android target not found
Refreshing native plugins compatible for Editor in 1.37 ms, found 5 plugins.
Preloading 0 native plugins for Editor in 0.00 ms.
Mono: successfully reloaded assembly
- Completed reload, in  1.131 seconds
Domain Reload Profiling:
	ReloadAssembly (1132ms)
		BeginReloadAssembly (117ms)
			ExecutionOrderSort (0ms)
			DisableScriptedObjects (4ms)
			BackupInstance (0ms)
			ReleaseScriptingObjects (0ms)
			CreateAndSetChildDomain (38ms)
		EndReloadAssembly (937ms)
			LoadAssemblies (75ms)
			RebuildTransferFunctionScriptingTraits (0ms)
			SetupTypeCache (260ms)
			ReleaseScriptCaches (2ms)
			RebuildScriptCaches (61ms)
			SetupLoadedEditorAssemblies (478ms)
				LogAssemblyErrors (0ms)
				InitializePlatformSupportModulesInManaged (23ms)
				SetLoadedEditorAssemblies (0ms)
				RefreshPlugins (1ms)
				BeforeProcessingInitializeOnLoad (87ms)
				ProcessInitializeOnLoadAttributes (334ms)
				ProcessInitializeOnLoadMethodAttributes (26ms)
				AfterProcessingInitializeOnLoad (7ms)
				EditorAssembliesLoaded (0ms)
			ExecutionOrderSort2 (0ms)
			AwakeInstancesAfterBackupRestoration (14ms)
Platform modules already initialized, skipping
Refreshing native plugins compatible for Editor in 3.10 ms, found 5 plugins.
Preloading 0 native plugins for Editor in 0.00 ms.
Unloading 6626 Unused Serialized files (Serialized files now loaded: 0)
Unloading 157 unused Assets / (13.2 MB). Loaded Objects now: 7286.
Memory consumption went from 326.2 MB to 313.0 MB.
Total: 6.123700 ms (FindLiveObjects: 0.398000 ms CreateObjectMapping: 0.311800 ms MarkObjects: 2.809400 ms  DeleteObjects: 2.603600 ms)

AssetImportParameters requested are different than current active one (requested -> active):
  custom:video-decoder-ogg-theora: a1e56fd34408186e4bbccfd4996cb3dc -> 
  custom:container-muxer-webm: aa71ff27fc2769a1b78a27578f13a17b -> 
  custom:container-demuxer-webm: 4f35f7cbe854078d1ac9338744f61a02 -> 
  custom:video-encoder-webm-vp8: eb34c28f22e8b96e1ab97ce403110664 -> 
  custom:video-codec-MediaFoundation-h265: 746d11721c4dcdbdad8f713fa42b33f4 -> 
  custom:audio-encoder-webm-vorbis: bf7c407c2cedff20999df2af8eb42d56 -> 
  custom:framework-win-MediaFoundation: 216162199b28c13a410421893ffa2e32 -> 
  custom:container-demuxer-ogg: 62fdf1f143b41e24485cea50d1cbac27 -> 
  custom:video-decoder-webm-vp8: 9c59270c3fd7afecdb556c50c9e8de78 -> 
  custom:audio-decoder-ogg-vorbis: bf7c407c2cedff20999df2af8eb42d56 -> 
========================================================================
Received Import Request.
  Time since last request: 484.183027 seconds.
  path: Assets/LowlyPoly/Free Stylized Textures/Materials/Vol_7_1_Tiles.mat
  artifactKey: Guid(d7345edb353d0794296950a9adb3ad4d) Importer(815301076,1909f56bfc062723c751e8b465ee728b)
Start importing Assets/LowlyPoly/Free Stylized Textures/Materials/Vol_7_1_Tiles.mat using Guid(d7345edb353d0794296950a9adb3ad4d) Importer(815301076,1909f56bfc062723c751e8b465ee728b)  -> (artifact id: 'a7ef0c03f531e39d43502e4871232e10') in 0.256879 seconds 
========================================================================
Received Import Request.
  Time since last request: 0.000029 seconds.
  path: Assets/LowlyPoly/Free Stylized Textures/Materials/Vol_35_3_Lava.mat
  artifactKey: Guid(b7bcd7c6b3acb3241b0d5af1a358b19b) Importer(815301076,1909f56bfc062723c751e8b465ee728b)
Start importing Assets/LowlyPoly/Free Stylized Textures/Materials/Vol_35_3_Lava.mat using Guid(b7bcd7c6b3acb3241b0d5af1a358b19b) Importer(815301076,1909f56bfc062723c751e8b465ee728b)  -> (artifact id: '1f866095c6442d5ac8029936927154e0') in 0.041737 seconds 
========================================================================
Received Import Request.
  Time since last request: 0.000032 seconds.
  path: Assets/LowlyPoly/Free Stylized Textures/Materials/Vol_16_2_Sand.mat
  artifactKey: Guid(49f3385eb1c319941be8623439f1eb49) Importer(815301076,1909f56bfc062723c751e8b465ee728b)
Start importing Assets/LowlyPoly/Free Stylized Textures/Materials/Vol_16_2_Sand.mat using Guid(49f3385eb1c319941be8623439f1eb49) Importer(815301076,1909f56bfc062723c751e8b465ee728b)  -> (artifact id: 'eb190909e5d1147e3f727a291d1dd747') in 0.023828 seconds 
========================================================================
Received Import Request.
  Time since last request: 0.000017 seconds.
  path: Assets/LowlyPoly/Free Stylized Textures/Materials/Vol_58_1_Surface.mat
  artifactKey: Guid(e94c7625cd2e80d4e8fd19b24fc89d93) Importer(815301076,1909f56bfc062723c751e8b465ee728b)
Start importing Assets/LowlyPoly/Free Stylized Textures/Materials/Vol_58_1_Surface.mat using Guid(e94c7625cd2e80d4e8fd19b24fc89d93) Importer(815301076,1909f56bfc062723c751e8b465ee728b)  -> (artifact id: '4cd17404a0171e7694c83f4fbea63856') in 0.052265 seconds 
========================================================================
Received Import Request.
  Time since last request: 0.000021 seconds.
  path: Assets/LowlyPoly/Free Stylized Textures/Materials/Vol_49_5_Rocks.mat
  artifactKey: Guid(67436367136736141b5c7e131555c4d1) Importer(815301076,1909f56bfc062723c751e8b465ee728b)
Start importing Assets/LowlyPoly/Free Stylized Textures/Materials/Vol_49_5_Rocks.mat using Guid(67436367136736141b5c7e131555c4d1) Importer(815301076,1909f56bfc062723c751e8b465ee728b)  -> (artifact id: '44e49ad2b03af07d0a25cb0262f1918c') in 0.050674 seconds 
========================================================================
Received Import Request.
  Time since last request: 0.000026 seconds.
  path: Assets/LowlyPoly/Free Stylized Textures/Materials/Vol_81_3_Sci-fi.mat
  artifactKey: Guid(d12d326c7ff660a40aed23b21d98c6ad) Importer(815301076,1909f56bfc062723c751e8b465ee728b)
Start importing Assets/LowlyPoly/Free Stylized Textures/Materials/Vol_81_3_Sci-fi.mat using Guid(d12d326c7ff660a40aed23b21d98c6ad) Importer(815301076,1909f56bfc062723c751e8b465ee728b)  -> (artifact id: 'bf1d81ff19cca8fec26bbb855a319953') in 0.049642 seconds 
========================================================================
Received Import Request.
  Time since last request: 0.000024 seconds.
  path: Assets/LowlyPoly/Free Stylized Textures/Materials/Vol_26_2_Cliffs.mat
  artifactKey: Guid(0c2d13c3615510e4a8debaef5c39c3de) Importer(815301076,1909f56bfc062723c751e8b465ee728b)
Start importing Assets/LowlyPoly/Free Stylized Textures/Materials/Vol_26_2_Cliffs.mat using Guid(0c2d13c3615510e4a8debaef5c39c3de) Importer(815301076,1909f56bfc062723c751e8b465ee728b)  -> (artifact id: '497b9008b291b6f5f612cee180160284') in 0.025042 seconds 
========================================================================
Received Import Request.
  Time since last request: 0.000027 seconds.
  path: Assets/LowlyPoly/Free Stylized Textures/Materials/Vol_79_5_Sci-fi.mat
  artifactKey: Guid(378426c27b3a38f4f9e38126b22973fc) Importer(815301076,1909f56bfc062723c751e8b465ee728b)
Start importing Assets/LowlyPoly/Free Stylized Textures/Materials/Vol_79_5_Sci-fi.mat using Guid(378426c27b3a38f4f9e38126b22973fc) Importer(815301076,1909f56bfc062723c751e8b465ee728b)  -> (artifact id: 'f7033a27e9f44966f362cd93c53839a8') in 0.048667 seconds 
========================================================================
Received Import Request.
  Time since last request: 0.000018 seconds.
  path: Assets/LowlyPoly/Free Stylized Textures/Materials/Vol_36_5_Water.mat
  artifactKey: Guid(490c25b2fda35fc4582a9582c4179ad5) Importer(815301076,1909f56bfc062723c751e8b465ee728b)
Start importing Assets/LowlyPoly/Free Stylized Textures/Materials/Vol_36_5_Water.mat using Guid(490c25b2fda35fc4582a9582c4179ad5) Importer(815301076,1909f56bfc062723c751e8b465ee728b)  -> (artifact id: 'ec13a16709b941ec68d523e0b43b3a8d') in 0.044663 seconds 
========================================================================
Received Import Request.
  Time since last request: 0.259183 seconds.
  path: Assets/LowlyPoly/Free Stylized Textures/Textures/Vol_34_2_Tiles_Roughness.png
  artifactKey: Guid(830907b47b00c374bae896897838d09a) Importer(815301076,1909f56bfc062723c751e8b465ee728b)
Start importing Assets/LowlyPoly/Free Stylized Textures/Textures/Vol_34_2_Tiles_Roughness.png using Guid(830907b47b00c374bae896897838d09a) Importer(815301076,1909f56bfc062723c751e8b465ee728b)  -> (artifact id: 'a00be3c31b1071c68de43c08aca475c7') in 0.045370 seconds 
========================================================================
Received Import Request.
  Time since last request: 0.000021 seconds.
  path: Assets/LowlyPoly/Free Stylized Textures/Textures/Vol_35_3_Lava_Roughness.png
  artifactKey: Guid(72c26281599821f4fad0e053c0dd5fe0) Importer(815301076,1909f56bfc062723c751e8b465ee728b)
Start importing Assets/LowlyPoly/Free Stylized Textures/Textures/Vol_35_3_Lava_Roughness.png using Guid(72c26281599821f4fad0e053c0dd5fe0) Importer(815301076,1909f56bfc062723c751e8b465ee728b)  -> (artifact id: '2619c48824a11a46c72bf880aa44a12d') in 0.018783 seconds 
========================================================================
Received Import Request.
  Time since last request: 0.000029 seconds.
  path: Assets/LowlyPoly/Free Stylized Textures/Textures/Vol_35_3_Lava_Ambient_Occlusion.png
  artifactKey: Guid(387bfe5bdb8c63d48aec5f5058d42fcd) Importer(815301076,1909f56bfc062723c751e8b465ee728b)
Start importing Assets/LowlyPoly/Free Stylized Textures/Textures/Vol_35_3_Lava_Ambient_Occlusion.png using Guid(387bfe5bdb8c63d48aec5f5058d42fcd) Importer(815301076,1909f56bfc062723c751e8b465ee728b)  -> (artifact id: '81c9e9b290d32ae000ab2e9863f8113c') in 0.014195 seconds 
========================================================================
Received Import Request.
  Time since last request: 18.527032 seconds.
  path: Assets/LowlyPoly/Free Stylized Textures/Textures/Vol_36_5_Water_Emissive.png
  artifactKey: Guid(ebcf4dbb3b157704bbacf45bc956f033) Importer(815301076,1909f56bfc062723c751e8b465ee728b)
Start importing Assets/LowlyPoly/Free Stylized Textures/Textures/Vol_36_5_Water_Emissive.png using Guid(ebcf4dbb3b157704bbacf45bc956f033) Importer(815301076,1909f56bfc062723c751e8b465ee728b)  -> (artifact id: '2fb6c2d0802ab6856da9b674316db2fa') in 0.020334 seconds 
========================================================================
Received Import Request.
  Time since last request: 0.000027 seconds.
  path: Assets/LowlyPoly/Free Stylized Textures/Textures/Vol_36_5_Water_Height.png
  artifactKey: Guid(6d3bcefd7545f5049a1775557226c85f) Importer(815301076,1909f56bfc062723c751e8b465ee728b)
Start importing Assets/LowlyPoly/Free Stylized Textures/Textures/Vol_36_5_Water_Height.png using Guid(6d3bcefd7545f5049a1775557226c85f) Importer(815301076,1909f56bfc062723c751e8b465ee728b)  -> (artifact id: 'd32fb7b4acb243ec86288b4abbcc6134') in 0.013930 seconds 
========================================================================
Received Import Request.
  Time since last request: 0.000023 seconds.
  path: Assets/LowlyPoly/Free Stylized Textures/Textures/Vol_42_1_Vegetation_Roughness.png
  artifactKey: Guid(045c8214ce9906f41ba2c7d2f5d500f5) Importer(815301076,1909f56bfc062723c751e8b465ee728b)
Start importing Assets/LowlyPoly/Free Stylized Textures/Textures/Vol_42_1_Vegetation_Roughness.png using Guid(045c8214ce9906f41ba2c7d2f5d500f5) Importer(815301076,1909f56bfc062723c751e8b465ee728b)  -> (artifact id: 'fab6e06046b93f0a9877c6e4467d33d2') in 0.021709 seconds 
========================================================================
Received Import Request.
  Time since last request: 0.000024 seconds.
  path: Assets/LowlyPoly/Free Stylized Textures/Textures/Vol_67_3_Tile_Height.png
  artifactKey: Guid(2a33193c02a4154459fb033883fcdaf2) Importer(815301076,1909f56bfc062723c751e8b465ee728b)
Start importing Assets/LowlyPoly/Free Stylized Textures/Textures/Vol_67_3_Tile_Height.png using Guid(2a33193c02a4154459fb033883fcdaf2) Importer(815301076,1909f56bfc062723c751e8b465ee728b)  -> (artifact id: '7312f73cd90fae99d2123720d9b5be49') in 0.016950 seconds 
========================================================================
Received Import Request.
  Time since last request: 0.000024 seconds.
  path: Assets/LowlyPoly/Free Stylized Textures/Textures/Vol_100_1_Pixel_Ambient_Occlusion.png
  artifactKey: Guid(60ee790001468ae42b3abb898be0a0d9) Importer(815301076,1909f56bfc062723c751e8b465ee728b)
Start importing Assets/LowlyPoly/Free Stylized Textures/Textures/Vol_100_1_Pixel_Ambient_Occlusion.png using Guid(60ee790001468ae42b3abb898be0a0d9) Importer(815301076,1909f56bfc062723c751e8b465ee728b)  -> (artifact id: '455aee8122486164727fe0b8d97bda69') in 0.014682 seconds 
========================================================================
Received Import Request.
  Time since last request: 0.000022 seconds.
  path: Assets/LowlyPoly/Free Stylized Textures/Textures/Vol_67_3_Tile_Base_Color.png
  artifactKey: Guid(f4a8ed9d61a4bd44f812866147d00a66) Importer(815301076,1909f56bfc062723c751e8b465ee728b)
Start importing Assets/LowlyPoly/Free Stylized Textures/Textures/Vol_67_3_Tile_Base_Color.png using Guid(f4a8ed9d61a4bd44f812866147d00a66) Importer(815301076,1909f56bfc062723c751e8b465ee728b)  -> (artifact id: '050094b67abf6b404837557b94d29c86') in 0.013132 seconds 
========================================================================
Received Import Request.
  Time since last request: 0.000039 seconds.
  path: Assets/LowlyPoly/Free Stylized Textures/Textures/Vol_81_3_Sci-fi_Normal.png
  artifactKey: Guid(a6acf24a229082b4c976a2037f970f8a) Importer(815301076,1909f56bfc062723c751e8b465ee728b)
Start importing Assets/LowlyPoly/Free Stylized Textures/Textures/Vol_81_3_Sci-fi_Normal.png using Guid(a6acf24a229082b4c976a2037f970f8a) Importer(815301076,1909f56bfc062723c751e8b465ee728b)  -> (artifact id: '85ec2f64a4c8efd7e85d7ed664345aee') in 0.017528 seconds 
========================================================================
Received Import Request.
  Time since last request: 0.000038 seconds.
  path: Assets/LowlyPoly/Free Stylized Textures/Textures/Vol_36_5_Water_Roughness.png
  artifactKey: Guid(d141606ca3998914892249c806929dcd) Importer(815301076,1909f56bfc062723c751e8b465ee728b)
Start importing Assets/LowlyPoly/Free Stylized Textures/Textures/Vol_36_5_Water_Roughness.png using Guid(d141606ca3998914892249c806929dcd) Importer(815301076,1909f56bfc062723c751e8b465ee728b)  -> (artifact id: 'ebcbae3a24f6595398f0d48e7ee95ec6') in 0.020332 seconds 
========================================================================
Received Import Request.
  Time since last request: 0.000023 seconds.
  path: Assets/LowlyPoly/Free Stylized Textures/Textures/Vol_100_1_Pixel_Height.png
  artifactKey: Guid(6f7454e7b204846479bf2e5c8869e7e9) Importer(815301076,1909f56bfc062723c751e8b465ee728b)
Start importing Assets/LowlyPoly/Free Stylized Textures/Textures/Vol_100_1_Pixel_Height.png using Guid(6f7454e7b204846479bf2e5c8869e7e9) Importer(815301076,1909f56bfc062723c751e8b465ee728b)  -> (artifact id: '4154bffe26871e6fdc95b842cc932435') in 0.012943 seconds 
========================================================================
Received Import Request.
  Time since last request: 0.000026 seconds.
  path: Assets/LowlyPoly/Free Stylized Textures/Textures/Vol_79_5_Sci-fi_Ambient_Occlusion.png
  artifactKey: Guid(f5d7eb09ca80c5942b6f60a5e3b8e6cd) Importer(815301076,1909f56bfc062723c751e8b465ee728b)
Start importing Assets/LowlyPoly/Free Stylized Textures/Textures/Vol_79_5_Sci-fi_Ambient_Occlusion.png using Guid(f5d7eb09ca80c5942b6f60a5e3b8e6cd) Importer(815301076,1909f56bfc062723c751e8b465ee728b)  -> (artifact id: 'f347dc0f5d9e4724b80eea1f65f60c55') in 0.014487 seconds 
========================================================================
Received Import Request.
  Time since last request: 0.000025 seconds.
  path: Assets/LowlyPoly/Free Stylized Textures/Textures/Vol_49_5_Rocks_Base_Color.png
  artifactKey: Guid(b9337c53c4df5b54f8823c08c0a45d40) Importer(815301076,1909f56bfc062723c751e8b465ee728b)
Start importing Assets/LowlyPoly/Free Stylized Textures/Textures/Vol_49_5_Rocks_Base_Color.png using Guid(b9337c53c4df5b54f8823c08c0a45d40) Importer(815301076,1909f56bfc062723c751e8b465ee728b)  -> (artifact id: 'ce53c4c4ee7f5883c8cee318f62a3abc') in 0.013768 seconds 
========================================================================
Received Import Request.
  Time since last request: 0.000034 seconds.
  path: Assets/LowlyPoly/Free Stylized Textures/Textures/Vol_58_1_Surface_Normal.png
  artifactKey: Guid(3cf6eee3d0cee82429945f707475de05) Importer(815301076,1909f56bfc062723c751e8b465ee728b)
Start importing Assets/LowlyPoly/Free Stylized Textures/Textures/Vol_58_1_Surface_Normal.png using Guid(3cf6eee3d0cee82429945f707475de05) Importer(815301076,1909f56bfc062723c751e8b465ee728b)  -> (artifact id: '1020d274f58bb14ea0c93a5e8fcc98f5') in 0.017149 seconds 
========================================================================
Received Import Request.
  Time since last request: 0.000024 seconds.
  path: Assets/LowlyPoly/Free Stylized Textures/Textures/Vol_79_5_Sci-fi_Base_Color.png
  artifactKey: Guid(1e103bb5bfee2fc4aabb9e1a0ea6f4a9) Importer(815301076,1909f56bfc062723c751e8b465ee728b)
Start importing Assets/LowlyPoly/Free Stylized Textures/Textures/Vol_79_5_Sci-fi_Base_Color.png using Guid(1e103bb5bfee2fc4aabb9e1a0ea6f4a9) Importer(815301076,1909f56bfc062723c751e8b465ee728b)  -> (artifact id: '153362498ad07b432e53808f51769284') in 0.012661 seconds 
========================================================================
Received Import Request.
  Time since last request: 0.000025 seconds.
  path: Assets/LowlyPoly/Free Stylized Textures/Textures/Vol_49_5_Rocks_Normal.png
  artifactKey: Guid(d5d87eab3d41c224c9524b61a2523085) Importer(815301076,1909f56bfc062723c751e8b465ee728b)
Start importing Assets/LowlyPoly/Free Stylized Textures/Textures/Vol_49_5_Rocks_Normal.png using Guid(d5d87eab3d41c224c9524b61a2523085) Importer(815301076,1909f56bfc062723c751e8b465ee728b)  -> (artifact id: '8acc561383bfceb4cf1a513a94a2721b') in 0.015915 seconds 
========================================================================
Received Import Request.
  Time since last request: 0.000022 seconds.
  path: Assets/LowlyPoly/Free Stylized Textures/Textures/Vol_67_3_Tile_Roughness.png
  artifactKey: Guid(11b3f9a6d0ebac34596a61f9107f0498) Importer(815301076,1909f56bfc062723c751e8b465ee728b)
Start importing Assets/LowlyPoly/Free Stylized Textures/Textures/Vol_67_3_Tile_Roughness.png using Guid(11b3f9a6d0ebac34596a61f9107f0498) Importer(815301076,1909f56bfc062723c751e8b465ee728b)  -> (artifact id: '1435549016f716d47632c97fea47cabe') in 0.021482 seconds 
========================================================================
Received Import Request.
  Time since last request: 0.000021 seconds.
  path: Assets/LowlyPoly/Free Stylized Textures/Textures/Vol_81_3_Sci-fi_Ambient_Occlusion.png
  artifactKey: Guid(ab04087547f1dd04d924ca20e04aaa48) Importer(815301076,1909f56bfc062723c751e8b465ee728b)
Start importing Assets/LowlyPoly/Free Stylized Textures/Textures/Vol_81_3_Sci-fi_Ambient_Occlusion.png using Guid(ab04087547f1dd04d924ca20e04aaa48) Importer(815301076,1909f56bfc062723c751e8b465ee728b)  -> (artifact id: '779ccab43c60d88c981bb88caa0281c6') in 0.014786 seconds 
========================================================================
Received Import Request.
  Time since last request: 0.000026 seconds.
  path: Assets/LowlyPoly/Free Stylized Textures/Textures/Vol_49_5_Rocks_Ambient_Occlusion.png
  artifactKey: Guid(49a081721f60c6a44bcae188078bd036) Importer(815301076,1909f56bfc062723c751e8b465ee728b)
Start importing Assets/LowlyPoly/Free Stylized Textures/Textures/Vol_49_5_Rocks_Ambient_Occlusion.png using Guid(49a081721f60c6a44bcae188078bd036) Importer(815301076,1909f56bfc062723c751e8b465ee728b)  -> (artifact id: '9beb34ae3164d9a31d03f163316dfa79') in 0.013972 seconds 
========================================================================
Received Import Request.
  Time since last request: 9.957232 seconds.
  path: Assets/Models/EnvironmentPack/FBX/Archery_FirstAge_Level3.fbx
  artifactKey: Guid(d81363c8f3698cd4bb062dbc05f30e89) Importer(815301076,1909f56bfc062723c751e8b465ee728b)
Start importing Assets/Models/EnvironmentPack/FBX/Archery_FirstAge_Level3.fbx using Guid(d81363c8f3698cd4bb062dbc05f30e89) Importer(815301076,1909f56bfc062723c751e8b465ee728b)  -> (artifact id: '7b5d9fa956cd958aecef9f452dc56006') in 0.071191 seconds 
========================================================================
Received Import Request.
  Time since last request: 0.000026 seconds.
  path: Assets/Models/EnvironmentPack/FBX/Houses_FirstAge_2_Level2.fbx
  artifactKey: Guid(580abdc68870984439b0052c41b96d94) Importer(815301076,1909f56bfc062723c751e8b465ee728b)
Start importing Assets/Models/EnvironmentPack/FBX/Houses_FirstAge_2_Level2.fbx using Guid(580abdc68870984439b0052c41b96d94) Importer(815301076,1909f56bfc062723c751e8b465ee728b)  -> (artifact id: '2f094df89a3a80871ecb2a1ffe150a38') in 0.049511 seconds 
========================================================================
Received Import Request.
  Time since last request: 0.000029 seconds.
  path: Assets/Models/EnvironmentPack/FBX/Farm_SecondAge_Level1_Wheat.fbx
  artifactKey: Guid(6ebcadbdc037feb4d90aca70e61dab36) Importer(815301076,1909f56bfc062723c751e8b465ee728b)
Start importing Assets/Models/EnvironmentPack/FBX/Farm_SecondAge_Level1_Wheat.fbx using Guid(6ebcadbdc037feb4d90aca70e61dab36) Importer(815301076,1909f56bfc062723c751e8b465ee728b)  -> (artifact id: '2767724638604a954ff66450c9ae6144') in 0.024723 seconds 
========================================================================
Received Import Request.
  Time since last request: 0.000024 seconds.
  path: Assets/Models/EnvironmentPack/FBX/Crate.fbx
  artifactKey: Guid(89aea693a7374aa439fdf8e932143a46) Importer(815301076,1909f56bfc062723c751e8b465ee728b)
Start importing Assets/Models/EnvironmentPack/FBX/Crate.fbx using Guid(89aea693a7374aa439fdf8e932143a46) Importer(815301076,1909f56bfc062723c751e8b465ee728b)  -> (artifact id: '2972017189a9bbd1ae6739db286f7a49') in 0.029990 seconds 
========================================================================
Received Import Request.
  Time since last request: 0.000019 seconds.
  path: Assets/Models/EnvironmentPack/FBX/Mine.fbx
  artifactKey: Guid(1ea60837813f7ef4ea2bd84f242c831a) Importer(815301076,1909f56bfc062723c751e8b465ee728b)
Start importing Assets/Models/EnvironmentPack/FBX/Mine.fbx using Guid(1ea60837813f7ef4ea2bd84f242c831a) Importer(815301076,1909f56bfc062723c751e8b465ee728b)  -> (artifact id: '51e93646663549adb635f51141852781') in 0.036626 seconds 
========================================================================
Received Import Request.
  Time since last request: 0.000017 seconds.
  path: Assets/Models/EnvironmentPack/FBX/Market_FirstAge_Level1.fbx
  artifactKey: Guid(ffc671eadf3d9074fabad43d3b7574de) Importer(815301076,1909f56bfc062723c751e8b465ee728b)
Start importing Assets/Models/EnvironmentPack/FBX/Market_FirstAge_Level1.fbx using Guid(ffc671eadf3d9074fabad43d3b7574de) Importer(815301076,1909f56bfc062723c751e8b465ee728b)  -> (artifact id: '97179dcaf4aafbe4389a1847d2169664') in 0.044009 seconds 
========================================================================
Received Import Request.
  Time since last request: 0.000030 seconds.
  path: Assets/Models/EnvironmentPack/FBX/Farm_FirstAge_Level1_Wheat.fbx
  artifactKey: Guid(90fad7d95aa5aff449f68027fa339639) Importer(815301076,1909f56bfc062723c751e8b465ee728b)
Start importing Assets/Models/EnvironmentPack/FBX/Farm_FirstAge_Level1_Wheat.fbx using Guid(90fad7d95aa5aff449f68027fa339639) Importer(815301076,1909f56bfc062723c751e8b465ee728b)  -> (artifact id: 'db325a976c7d2e29541f2bf1db9d7c8f') in 0.026367 seconds 
========================================================================
Received Import Request.
  Time since last request: 0.000024 seconds.
  path: Assets/Models/EnvironmentPack/FBX/Houses_FirstAge_3_Level3.fbx
  artifactKey: Guid(85ce208516ae6a24b89cd1bb0e04a1b0) Importer(815301076,1909f56bfc062723c751e8b465ee728b)
Start importing Assets/Models/EnvironmentPack/FBX/Houses_FirstAge_3_Level3.fbx using Guid(85ce208516ae6a24b89cd1bb0e04a1b0) Importer(815301076,1909f56bfc062723c751e8b465ee728b)  -> (artifact id: 'd1dffb87b1e195ea061d9fb5ab67149a') in 0.031487 seconds 
========================================================================
Received Import Request.
  Time since last request: 0.000033 seconds.
  path: Assets/Models/EnvironmentPack/FBX/Houses_SecondAge_3_Level1.fbx
  artifactKey: Guid(578aca8974cda6944aac268c359d1e11) Importer(815301076,1909f56bfc062723c751e8b465ee728b)
Start importing Assets/Models/EnvironmentPack/FBX/Houses_SecondAge_3_Level1.fbx using Guid(578aca8974cda6944aac268c359d1e11) Importer(815301076,1909f56bfc062723c751e8b465ee728b)  -> (artifact id: 'b51c1b41f9d331a0863ef2fbcfb98c23') in 0.038768 seconds 
========================================================================
Received Import Request.
  Time since last request: 0.000024 seconds.
  path: Assets/Models/EnvironmentPack/FBX/Market_SecondAge_Level2.fbx
  artifactKey: Guid(dc52925be6e40d540a910d63eacf8ea3) Importer(815301076,1909f56bfc062723c751e8b465ee728b)
Start importing Assets/Models/EnvironmentPack/FBX/Market_SecondAge_Level2.fbx using Guid(dc52925be6e40d540a910d63eacf8ea3) Importer(815301076,1909f56bfc062723c751e8b465ee728b)  -> (artifact id: '1240074eaed8e708591157338921d316') in 0.057892 seconds 
========================================================================
Received Import Request.
  Time since last request: 0.000025 seconds.
  path: Assets/Models/EnvironmentPack/FBX/Houses_SecondAge_1_Level3.fbx
  artifactKey: Guid(c63f5d7f440021649bf47c5426c0ff21) Importer(815301076,1909f56bfc062723c751e8b465ee728b)
Start importing Assets/Models/EnvironmentPack/FBX/Houses_SecondAge_1_Level3.fbx using Guid(c63f5d7f440021649bf47c5426c0ff21) Importer(815301076,1909f56bfc062723c751e8b465ee728b)  -> (artifact id: 'd07ecfa1452a10889ef5123372237bb6') in 0.049262 seconds 
========================================================================
Received Import Request.
  Time since last request: 0.000021 seconds.
  path: Assets/Models/EnvironmentPack/FBX/Crate_Stack2.fbx
  artifactKey: Guid(87b6af67b573fda4899765d85acf632d) Importer(815301076,1909f56bfc062723c751e8b465ee728b)
Start importing Assets/Models/EnvironmentPack/FBX/Crate_Stack2.fbx using Guid(87b6af67b573fda4899765d85acf632d) Importer(815301076,1909f56bfc062723c751e8b465ee728b)  -> (artifact id: '0682f164ee20a9a3c4e3d6510fd64d83') in 0.029579 seconds 
========================================================================
Received Import Request.
  Time since last request: 0.000023 seconds.
  path: Assets/Models/EnvironmentPack/FBX/Archery_SecondAge_Level1.fbx
  artifactKey: Guid(6c882700d31d64f48874ecea489dc209) Importer(815301076,1909f56bfc062723c751e8b465ee728b)
Start importing Assets/Models/EnvironmentPack/FBX/Archery_SecondAge_Level1.fbx using Guid(6c882700d31d64f48874ecea489dc209) Importer(815301076,1909f56bfc062723c751e8b465ee728b)  -> (artifact id: '376db6f134c9f2473b7498f1c89ced30') in 0.048963 seconds 
========================================================================
Received Import Request.
  Time since last request: 0.000028 seconds.
  path: Assets/Models/EnvironmentPack/FBX/Houses_SecondAge_2_Level3.fbx
  artifactKey: Guid(c1c79eee34c340646be433528bd97fbe) Importer(815301076,1909f56bfc062723c751e8b465ee728b)
Start importing Assets/Models/EnvironmentPack/FBX/Houses_SecondAge_2_Level3.fbx using Guid(c1c79eee34c340646be433528bd97fbe) Importer(815301076,1909f56bfc062723c751e8b465ee728b)  -> (artifact id: 'c76cbe79814916dd02073110cc290f55') in 0.041773 seconds 
========================================================================
Received Import Request.
  Time since last request: 0.000020 seconds.
  path: Assets/Models/EnvironmentPack/FBX/Market_SecondAge_Level1.fbx
  artifactKey: Guid(5d74bf8b39d6d8d4da60e34b87e453f8) Importer(815301076,1909f56bfc062723c751e8b465ee728b)
Start importing Assets/Models/EnvironmentPack/FBX/Market_SecondAge_Level1.fbx using Guid(5d74bf8b39d6d8d4da60e34b87e453f8) Importer(815301076,1909f56bfc062723c751e8b465ee728b)  -> (artifact id: '9efa452d5ead15619351be4259cdf163') in 0.058482 seconds 
========================================================================
Received Import Request.
  Time since last request: 0.000025 seconds.
  path: Assets/Models/EnvironmentPack/FBX/Houses_FirstAge_3_Level1.fbx
  artifactKey: Guid(49d4491238b237642ab188a356157edd) Importer(815301076,1909f56bfc062723c751e8b465ee728b)
Start importing Assets/Models/EnvironmentPack/FBX/Houses_FirstAge_3_Level1.fbx using Guid(49d4491238b237642ab188a356157edd) Importer(815301076,1909f56bfc062723c751e8b465ee728b)  -> (artifact id: 'd13a5e67f900d81440f2915b1aa959d0') in 0.031712 seconds 
========================================================================
Received Import Request.
  Time since last request: 0.000039 seconds.
  path: Assets/Models/EnvironmentPack/FBX/Houses_FirstAge_2_Level3.fbx
  artifactKey: Guid(b66d7b6337f95e74e89cd21b9bdf41b8) Importer(815301076,1909f56bfc062723c751e8b465ee728b)
Start importing Assets/Models/EnvironmentPack/FBX/Houses_FirstAge_2_Level3.fbx using Guid(b66d7b6337f95e74e89cd21b9bdf41b8) Importer(815301076,1909f56bfc062723c751e8b465ee728b)  -> (artifact id: '680d4b609c2f923db76fef3fa253d206') in 0.033532 seconds 
========================================================================
Received Import Request.
  Time since last request: 0.000026 seconds.
  path: Assets/Models/EnvironmentPack/FBX/Crate_Stack1.fbx
  artifactKey: Guid(d68df8d4c52ba1f4a938e185a4b5fa72) Importer(815301076,1909f56bfc062723c751e8b465ee728b)
Start importing Assets/Models/EnvironmentPack/FBX/Crate_Stack1.fbx using Guid(d68df8d4c52ba1f4a938e185a4b5fa72) Importer(815301076,1909f56bfc062723c751e8b465ee728b)  -> (artifact id: '0aacabf20f3bda805a104d516b8b5b0e') in 0.031363 seconds 
========================================================================
Received Import Request.
  Time since last request: 0.000025 seconds.
  path: Assets/Models/EnvironmentPack/FBX/Farm_SecondAge_Level3_Wheat.fbx
  artifactKey: Guid(a7afe475950d0a94aa22dda466cde9de) Importer(815301076,1909f56bfc062723c751e8b465ee728b)
Start importing Assets/Models/EnvironmentPack/FBX/Farm_SecondAge_Level3_Wheat.fbx using Guid(a7afe475950d0a94aa22dda466cde9de) Importer(815301076,1909f56bfc062723c751e8b465ee728b)  -> (artifact id: 'b63be31f012db7962bf2302e4b361736') in 0.028213 seconds 
========================================================================
Received Import Request.
  Time since last request: 0.000027 seconds.
  path: Assets/Models/EnvironmentPack/FBX/Port_FirstAge_Level2.fbx
  artifactKey: Guid(c1a43c0b8bd852546aeca7a7af4f09b4) Importer(815301076,1909f56bfc062723c751e8b465ee728b)
Start importing Assets/Models/EnvironmentPack/FBX/Port_FirstAge_Level2.fbx using Guid(c1a43c0b8bd852546aeca7a7af4f09b4) Importer(815301076,1909f56bfc062723c751e8b465ee728b)  -> (artifact id: '7b4cc6e6d55f870c0886c32076f807ec') in 0.039359 seconds 
========================================================================
Received Import Request.
  Time since last request: 0.000026 seconds.
  path: Assets/Models/EnvironmentPack/FBX/Rock.fbx
  artifactKey: Guid(72e56116bf222fd4b9e308ad58aa0433) Importer(815301076,1909f56bfc062723c751e8b465ee728b)
Start importing Assets/Models/EnvironmentPack/FBX/Rock.fbx using Guid(72e56116bf222fd4b9e308ad58aa0433) Importer(815301076,1909f56bfc062723c751e8b465ee728b)  -> (artifact id: '2112aa42d94989989fff426f9e250b0e') in 0.023962 seconds 
========================================================================
Received Import Request.
  Time since last request: 0.000032 seconds.
  path: Assets/Models/EnvironmentPack/FBX/Temple_SecondAge_Level1.fbx
  artifactKey: Guid(818e348a764014a4ebb0fbb50123df88) Importer(815301076,1909f56bfc062723c751e8b465ee728b)
Start importing Assets/Models/EnvironmentPack/FBX/Temple_SecondAge_Level1.fbx using Guid(818e348a764014a4ebb0fbb50123df88) Importer(815301076,1909f56bfc062723c751e8b465ee728b)  -> (artifact id: '31086020fd422f8b97dfd403f17a54f9') in 0.031304 seconds 
========================================================================
Received Import Request.
  Time since last request: 0.000032 seconds.
  path: Assets/Models/EnvironmentPack/FBX/Resource_PineTree_Group.fbx
  artifactKey: Guid(dfe1170b11bfecd49839148fdbb41b46) Importer(815301076,1909f56bfc062723c751e8b465ee728b)
Start importing Assets/Models/EnvironmentPack/FBX/Resource_PineTree_Group.fbx using Guid(dfe1170b11bfecd49839148fdbb41b46) Importer(815301076,1909f56bfc062723c751e8b465ee728b)  -> (artifact id: '7141aef14355fd4e532f0b0767f2c7b6') in 0.028097 seconds 
========================================================================
Received Import Request.
  Time since last request: 0.000027 seconds.
  path: Assets/Models/EnvironmentPack/FBX/WallTowers_DoorClosed_SecondAge.fbx
  artifactKey: Guid(ddae4b3fd7f33194ebea3c4d794dd8ee) Importer(815301076,1909f56bfc062723c751e8b465ee728b)
Start importing Assets/Models/EnvironmentPack/FBX/WallTowers_DoorClosed_SecondAge.fbx using Guid(ddae4b3fd7f33194ebea3c4d794dd8ee) Importer(815301076,1909f56bfc062723c751e8b465ee728b)  -> (artifact id: '94d186ec1648f712b0cd7e07e07f2d11') in 0.040815 seconds 
========================================================================
Received Import Request.
  Time since last request: 0.000021 seconds.
  path: Assets/Models/EnvironmentPack/FBX/WatchTower_FirstAge_Level3.fbx
  artifactKey: Guid(23abe7988f328f74eb0d7b4fc3c60222) Importer(815301076,1909f56bfc062723c751e8b465ee728b)
Start importing Assets/Models/EnvironmentPack/FBX/WatchTower_FirstAge_Level3.fbx using Guid(23abe7988f328f74eb0d7b4fc3c60222) Importer(815301076,1909f56bfc062723c751e8b465ee728b)  -> (artifact id: '35fa8e8c303ce90339f76af1dcfd46dd') in 0.032062 seconds 
========================================================================
Received Import Request.
  Time since last request: 0.000062 seconds.
  path: Assets/Models/EnvironmentPack/FBX/WatchTower_SecondAge_Level1.fbx
  artifactKey: Guid(6115d510fbca9c440b3d2ebbea571723) Importer(815301076,1909f56bfc062723c751e8b465ee728b)
Start importing Assets/Models/EnvironmentPack/FBX/WatchTower_SecondAge_Level1.fbx using Guid(6115d510fbca9c440b3d2ebbea571723) Importer(815301076,1909f56bfc062723c751e8b465ee728b)  -> (artifact id: 'e2992df7f12d78b9b85ad770bca07cb7') in 0.037847 seconds 
========================================================================
Received Import Request.
  Time since last request: 0.000026 seconds.
  path: Assets/Models/EnvironmentPack/FBX/Windmill_FirstAge.fbx
  artifactKey: Guid(73f09930f4324664c94d0e90c013c097) Importer(815301076,1909f56bfc062723c751e8b465ee728b)
Start importing Assets/Models/EnvironmentPack/FBX/Windmill_FirstAge.fbx using Guid(73f09930f4324664c94d0e90c013c097) Importer(815301076,1909f56bfc062723c751e8b465ee728b)  -> (artifact id: 'e2390bdcef3691e1e0d8f5c684397055') in 0.038820 seconds 
========================================================================
Received Import Request.
  Time since last request: 0.000028 seconds.
  path: Assets/Models/EnvironmentPack/FBX/Temple_SecondAge_Level2.fbx
  artifactKey: Guid(975f1a4f1df37d94da50132febb39dce) Importer(815301076,1909f56bfc062723c751e8b465ee728b)
Start importing Assets/Models/EnvironmentPack/FBX/Temple_SecondAge_Level2.fbx using Guid(975f1a4f1df37d94da50132febb39dce) Importer(815301076,1909f56bfc062723c751e8b465ee728b)  -> (artifact id: '82687777f81e18aa77ff4a27c953ba42') in 0.037799 seconds 
========================================================================
Received Import Request.
  Time since last request: 0.000025 seconds.
  path: Assets/Models/EnvironmentPack/FBX/Resource_PineTree.fbx
  artifactKey: Guid(626cbf3a4e08aea4197bde2be79ecdbe) Importer(815301076,1909f56bfc062723c751e8b465ee728b)
Start importing Assets/Models/EnvironmentPack/FBX/Resource_PineTree.fbx using Guid(626cbf3a4e08aea4197bde2be79ecdbe) Importer(815301076,1909f56bfc062723c751e8b465ee728b)  -> (artifact id: '34d958708b9298ac8a14e81700da462b') in 0.026880 seconds 
========================================================================
Received Import Request.
  Time since last request: 0.000025 seconds.
  path: Assets/Models/EnvironmentPack/FBX/WallTowers_Door_SecondAge.fbx
  artifactKey: Guid(5156bfe36e1dd594cb0745ff3307257b) Importer(815301076,1909f56bfc062723c751e8b465ee728b)
Start importing Assets/Models/EnvironmentPack/FBX/WallTowers_Door_SecondAge.fbx using Guid(5156bfe36e1dd594cb0745ff3307257b) Importer(815301076,1909f56bfc062723c751e8b465ee728b)  -> (artifact id: 'cdf25f2086542fafd5a0bbd17428723b') in 0.041315 seconds 
========================================================================
Received Import Request.
  Time since last request: 0.000025 seconds.
  path: Assets/Models/EnvironmentPack/FBX/Storage_SecondAge_Level2.fbx
  artifactKey: Guid(0f3a560d2576d3c42851368fa1f1d7b8) Importer(815301076,1909f56bfc062723c751e8b465ee728b)
Start importing Assets/Models/EnvironmentPack/FBX/Storage_SecondAge_Level2.fbx using Guid(0f3a560d2576d3c42851368fa1f1d7b8) Importer(815301076,1909f56bfc062723c751e8b465ee728b)  -> (artifact id: '888d2de82ff295d551fcb15fe2db6fb5') in 0.049713 seconds 
========================================================================
Received Import Request.
  Time since last request: 0.000040 seconds.
  path: Assets/Models/EnvironmentPack/FBX/WatchTower_SecondAge_Level2.fbx
  artifactKey: Guid(31f7d3ad8499404458af27d07d494afd) Importer(815301076,1909f56bfc062723c751e8b465ee728b)
Start importing Assets/Models/EnvironmentPack/FBX/WatchTower_SecondAge_Level2.fbx using Guid(31f7d3ad8499404458af27d07d494afd) Importer(815301076,1909f56bfc062723c751e8b465ee728b)  -> (artifact id: '1413d22fb4ab23e09bb51bf8df8123ec') in 0.043216 seconds 
========================================================================
Received Import Request.
  Time since last request: 0.000024 seconds.
  path: Assets/Models/EnvironmentPack/FBX/Port_FirstAge_Level1.fbx
  artifactKey: Guid(22576b57e30ce3546b54d1bbe635c96d) Importer(815301076,1909f56bfc062723c751e8b465ee728b)
Start importing Assets/Models/EnvironmentPack/FBX/Port_FirstAge_Level1.fbx using Guid(22576b57e30ce3546b54d1bbe635c96d) Importer(815301076,1909f56bfc062723c751e8b465ee728b)  -> (artifact id: 'f4f137d27f9e4d47c716708525f1f348') in 0.041367 seconds 
========================================================================
Received Import Request.
  Time since last request: 0.000021 seconds.
  path: Assets/Models/EnvironmentPack/FBX/Mountain_Group_2.fbx
  artifactKey: Guid(33704b51153e7bc48b6f9e23e128d732) Importer(815301076,1909f56bfc062723c751e8b465ee728b)
Start importing Assets/Models/EnvironmentPack/FBX/Mountain_Group_2.fbx using Guid(33704b51153e7bc48b6f9e23e128d732) Importer(815301076,1909f56bfc062723c751e8b465ee728b)  -> (artifact id: '11e7e75a855424cd5f07a23a012c83da') in 0.041753 seconds 
========================================================================
Received Import Request.
  Time since last request: 0.000021 seconds.
  path: Assets/Models/EnvironmentPack/FBX/Resource_PineTree_Group_Cut.fbx
  artifactKey: Guid(6205c24e0fd2c0d40bd6e19e7a030bb3) Importer(815301076,1909f56bfc062723c751e8b465ee728b)
Start importing Assets/Models/EnvironmentPack/FBX/Resource_PineTree_Group_Cut.fbx using Guid(6205c24e0fd2c0d40bd6e19e7a030bb3) Importer(815301076,1909f56bfc062723c751e8b465ee728b)  -> (artifact id: '516f12a07600528b01bef71a2d134115') in 0.036562 seconds 
========================================================================
Received Import Request.
  Time since last request: 0.000024 seconds.
  path: Assets/Models/EnvironmentPack/FBX/Storage_SecondAge_Level3.fbx
  artifactKey: Guid(5b5ce1cc7c1cc4a4781b4fe201e6b0a4) Importer(815301076,1909f56bfc062723c751e8b465ee728b)
Start importing Assets/Models/EnvironmentPack/FBX/Storage_SecondAge_Level3.fbx using Guid(5b5ce1cc7c1cc4a4781b4fe201e6b0a4) Importer(815301076,1909f56bfc062723c751e8b465ee728b)  -> (artifact id: '22f4b824f5d9202a931e20cdb47d1077') in 0.055243 seconds 
========================================================================
Received Import Request.
  Time since last request: 0.000026 seconds.
  path: Assets/Models/EnvironmentPack/FBX/Resource_Rock_3.fbx
  artifactKey: Guid(c6263e70ae8ceab418600938b3ac0eac) Importer(815301076,1909f56bfc062723c751e8b465ee728b)
Start importing Assets/Models/EnvironmentPack/FBX/Resource_Rock_3.fbx using Guid(c6263e70ae8ceab418600938b3ac0eac) Importer(815301076,1909f56bfc062723c751e8b465ee728b)  -> (artifact id: 'c697f200ce01de04c4c6cb58e80557e9') in 0.025956 seconds 
========================================================================
Received Import Request.
  Time since last request: 0.000034 seconds.
  path: Assets/Models/EnvironmentPack/FBX/TowerHouse_SecondAge.fbx
  artifactKey: Guid(38093668dc41f384c85ed8a8f738b31e) Importer(815301076,1909f56bfc062723c751e8b465ee728b)
Start importing Assets/Models/EnvironmentPack/FBX/TowerHouse_SecondAge.fbx using Guid(38093668dc41f384c85ed8a8f738b31e) Importer(815301076,1909f56bfc062723c751e8b465ee728b)  -> (artifact id: '10f85428196a30d39a9e5d35d71b6917') in 0.045914 seconds 
========================================================================
Received Import Request.
  Time since last request: 0.000020 seconds.
  path: Assets/Models/EnvironmentPack/FBX/TownCenter_SecondAge_Level1.fbx
  artifactKey: Guid(b3022b5849423874391cf3fa07f7ae89) Importer(815301076,1909f56bfc062723c751e8b465ee728b)
Start importing Assets/Models/EnvironmentPack/FBX/TownCenter_SecondAge_Level1.fbx using Guid(b3022b5849423874391cf3fa07f7ae89) Importer(815301076,1909f56bfc062723c751e8b465ee728b)  -> (artifact id: '709b3926ca0a5ce54c749bf603167d27') in 0.031553 seconds 
========================================================================
Received Import Request.
  Time since last request: 0.000021 seconds.
  path: Assets/Models/EnvironmentPack/FBX/Houses_FirstAge_1_Level3.fbx
  artifactKey: Guid(fd55a317cf6b26b409e5ced742d2368b) Importer(815301076,1909f56bfc062723c751e8b465ee728b)
Start importing Assets/Models/EnvironmentPack/FBX/Houses_FirstAge_1_Level3.fbx using Guid(fd55a317cf6b26b409e5ced742d2368b) Importer(815301076,1909f56bfc062723c751e8b465ee728b)  -> (artifact id: '68af2be7073b3d3c3d4d4bcd55d04e99') in 0.030623 seconds 
========================================================================
Received Import Request.
  Time since last request: 0.000021 seconds.
  path: Assets/Models/EnvironmentPack/FBX/Dock_FirstAge.fbx
  artifactKey: Guid(35f77baeb700c7544b16493f35225a9f) Importer(815301076,1909f56bfc062723c751e8b465ee728b)
Start importing Assets/Models/EnvironmentPack/FBX/Dock_FirstAge.fbx using Guid(35f77baeb700c7544b16493f35225a9f) Importer(815301076,1909f56bfc062723c751e8b465ee728b)  -> (artifact id: '03178eab0739fe4329f203565fcc31fa') in 0.028476 seconds 
========================================================================
Received Import Request.
  Time since last request: 0.000031 seconds.
  path: Assets/Models/EnvironmentPack/FBX/Market_FirstAge_Level3.fbx
  artifactKey: Guid(0f1dab5eb7e92bd4c8fe2cbe85c0450e) Importer(815301076,1909f56bfc062723c751e8b465ee728b)
Start importing Assets/Models/EnvironmentPack/FBX/Market_FirstAge_Level3.fbx using Guid(0f1dab5eb7e92bd4c8fe2cbe85c0450e) Importer(815301076,1909f56bfc062723c751e8b465ee728b)  -> (artifact id: '8c58cc1b3b47fdcf1ecb831cc1fa8c1c') in 0.037171 seconds 
========================================================================
Received Prepare
Registering precompiled user dll's ...
Registered in 0.005738 seconds.
Begin MonoManager ReloadAssembly
Symbol file LoadedFromMemory doesn't match image C:\Users\Teknogenetik\Desktop\Projects\ProjectX-3D-PC\PersonalProject\Library\PackageCache\com.unity.visualscripting@1.8.0\Editor\VisualScripting.Core\Dependencies\YamlDotNet\Unity.VisualScripting.YamlDotNet.dll
Symbol file LoadedFromMemory doesn't match image C:\Users\Teknogenetik\Desktop\Projects\ProjectX-3D-PC\PersonalProject\Library\PackageCache\com.unity.visualscripting@1.8.0\Editor\VisualScripting.Core\Dependencies\DotNetZip\Unity.VisualScripting.IonicZip.dll
Native extension for WindowsStandalone target not found
Native extension for Android target not found
Refreshing native plugins compatible for Editor in 1.80 ms, found 5 plugins.
Preloading 0 native plugins for Editor in 0.00 ms.
Mono: successfully reloaded assembly
- Completed reload, in  1.291 seconds
Domain Reload Profiling:
	ReloadAssembly (1291ms)
		BeginReloadAssembly (141ms)
			ExecutionOrderSort (0ms)
			DisableScriptedObjects (11ms)
			BackupInstance (0ms)
			ReleaseScriptingObjects (0ms)
			CreateAndSetChildDomain (45ms)
		EndReloadAssembly (1066ms)
			LoadAssemblies (72ms)
			RebuildTransferFunctionScriptingTraits (0ms)
			SetupTypeCache (262ms)
			ReleaseScriptCaches (3ms)
			RebuildScriptCaches (68ms)
			SetupLoadedEditorAssemblies (529ms)
				LogAssemblyErrors (0ms)
				InitializePlatformSupportModulesInManaged (23ms)
				SetLoadedEditorAssemblies (0ms)
				RefreshPlugins (2ms)
				BeforeProcessingInitializeOnLoad (95ms)
				ProcessInitializeOnLoadAttributes (376ms)
				ProcessInitializeOnLoadMethodAttributes (26ms)
				AfterProcessingInitializeOnLoad (6ms)
				EditorAssembliesLoaded (0ms)
			ExecutionOrderSort2 (0ms)
			AwakeInstancesAfterBackupRestoration (22ms)
Platform modules already initialized, skipping
Refreshing native plugins compatible for Editor in 3.71 ms, found 5 plugins.
Preloading 0 native plugins for Editor in 0.00 ms.
Unloading 6634 Unused Serialized files (Serialized files now loaded: 0)
Unloading 157 unused Assets / (13.2 MB). Loaded Objects now: 7476.
Memory consumption went from 335.2 MB to 322.0 MB.
Total: 6.387800 ms (FindLiveObjects: 0.630000 ms CreateObjectMapping: 0.508000 ms MarkObjects: 2.989300 ms  DeleteObjects: 2.259700 ms)

AssetImportParameters requested are different than current active one (requested -> active):
  custom:video-decoder-ogg-theora: a1e56fd34408186e4bbccfd4996cb3dc -> 
  custom:container-muxer-webm: aa71ff27fc2769a1b78a27578f13a17b -> 
  custom:container-demuxer-webm: 4f35f7cbe854078d1ac9338744f61a02 -> 
  custom:video-encoder-webm-vp8: eb34c28f22e8b96e1ab97ce403110664 -> 
  custom:video-codec-MediaFoundation-h265: 746d11721c4dcdbdad8f713fa42b33f4 -> 
  custom:audio-encoder-webm-vorbis: bf7c407c2cedff20999df2af8eb42d56 -> 
  custom:framework-win-MediaFoundation: 216162199b28c13a410421893ffa2e32 -> 
  custom:container-demuxer-ogg: 62fdf1f143b41e24485cea50d1cbac27 -> 
  custom:video-decoder-webm-vp8: 9c59270c3fd7afecdb556c50c9e8de78 -> 
  custom:audio-decoder-ogg-vorbis: bf7c407c2cedff20999df2af8eb42d56 -> 
========================================================================
Received Prepare
Registering precompiled user dll's ...
Registered in 0.005885 seconds.
Begin MonoManager ReloadAssembly
Symbol file LoadedFromMemory doesn't match image C:\Users\Teknogenetik\Desktop\Projects\ProjectX-3D-PC\PersonalProject\Library\PackageCache\com.unity.visualscripting@1.8.0\Editor\VisualScripting.Core\Dependencies\YamlDotNet\Unity.VisualScripting.YamlDotNet.dll
Symbol file LoadedFromMemory doesn't match image C:\Users\Teknogenetik\Desktop\Projects\ProjectX-3D-PC\PersonalProject\Library\PackageCache\com.unity.visualscripting@1.8.0\Editor\VisualScripting.Core\Dependencies\DotNetZip\Unity.VisualScripting.IonicZip.dll
Native extension for WindowsStandalone target not found
Native extension for Android target not found
Refreshing native plugins compatible for Editor in 1.34 ms, found 5 plugins.
Preloading 0 native plugins for Editor in 0.00 ms.
Mono: successfully reloaded assembly
- Completed reload, in  1.215 seconds
Domain Reload Profiling:
	ReloadAssembly (1216ms)
		BeginReloadAssembly (122ms)
			ExecutionOrderSort (0ms)
			DisableScriptedObjects (5ms)
			BackupInstance (0ms)
			ReleaseScriptingObjects (0ms)
			CreateAndSetChildDomain (40ms)
		EndReloadAssembly (1011ms)
			LoadAssemblies (74ms)
			RebuildTransferFunctionScriptingTraits (0ms)
			SetupTypeCache (249ms)
			ReleaseScriptCaches (2ms)
			RebuildScriptCaches (63ms)
			SetupLoadedEditorAssemblies (502ms)
				LogAssemblyErrors (0ms)
				InitializePlatformSupportModulesInManaged (22ms)
				SetLoadedEditorAssemblies (0ms)
				RefreshPlugins (1ms)
				BeforeProcessingInitializeOnLoad (90ms)
				ProcessInitializeOnLoadAttributes (354ms)
				ProcessInitializeOnLoadMethodAttributes (28ms)
				AfterProcessingInitializeOnLoad (6ms)
				EditorAssembliesLoaded (0ms)
			ExecutionOrderSort2 (0ms)
			AwakeInstancesAfterBackupRestoration (19ms)
Platform modules already initialized, skipping
Refreshing native plugins compatible for Editor in 3.83 ms, found 5 plugins.
Preloading 0 native plugins for Editor in 0.00 ms.
Unloading 6634 Unused Serialized files (Serialized files now loaded: 0)
Unloading 157 unused Assets / (13.2 MB). Loaded Objects now: 7479.
Memory consumption went from 335.3 MB to 322.1 MB.
Total: 6.684500 ms (FindLiveObjects: 0.509800 ms CreateObjectMapping: 0.506200 ms MarkObjects: 3.146400 ms  DeleteObjects: 2.521300 ms)

AssetImportParameters requested are different than current active one (requested -> active):
  custom:video-decoder-ogg-theora: a1e56fd34408186e4bbccfd4996cb3dc -> 
  custom:container-muxer-webm: aa71ff27fc2769a1b78a27578f13a17b -> 
  custom:container-demuxer-webm: 4f35f7cbe854078d1ac9338744f61a02 -> 
  custom:video-encoder-webm-vp8: eb34c28f22e8b96e1ab97ce403110664 -> 
  custom:video-codec-MediaFoundation-h265: 746d11721c4dcdbdad8f713fa42b33f4 -> 
  custom:audio-encoder-webm-vorbis: bf7c407c2cedff20999df2af8eb42d56 -> 
  custom:framework-win-MediaFoundation: 216162199b28c13a410421893ffa2e32 -> 
  custom:container-demuxer-ogg: 62fdf1f143b41e24485cea50d1cbac27 -> 
  custom:video-decoder-webm-vp8: 9c59270c3fd7afecdb556c50c9e8de78 -> 
  custom:audio-decoder-ogg-vorbis: bf7c407c2cedff20999df2af8eb42d56 -> 
========================================================================
Received Import Request.
  Time since last request: 98.245269 seconds.
  path: Assets/Models/EnvironmentPack/FBX/Wonder_FirstAge_Level2.fbx
  artifactKey: Guid(8c453e67e8ca90143997366a568d9ed2) Importer(815301076,1909f56bfc062723c751e8b465ee728b)
Start importing Assets/Models/EnvironmentPack/FBX/Wonder_FirstAge_Level2.fbx using Guid(8c453e67e8ca90143997366a568d9ed2) Importer(815301076,1909f56bfc062723c751e8b465ee728b)  -> (artifact id: 'd5c940c41ea72b20b2117752e420d163') in 0.228957 seconds 
========================================================================
Received Import Request.
  Time since last request: 0.000026 seconds.
  path: Assets/Models/EnvironmentPack/FBX/WonderWalls_SecondAge.fbx
  artifactKey: Guid(3b2ee9ee85d93834c8fd052181da52d3) Importer(815301076,1909f56bfc062723c751e8b465ee728b)
Start importing Assets/Models/EnvironmentPack/FBX/WonderWalls_SecondAge.fbx using Guid(3b2ee9ee85d93834c8fd052181da52d3) Importer(815301076,1909f56bfc062723c751e8b465ee728b)  -> (artifact id: '30fa521d1c3a5cfe8a252ca62be21108') in 0.031627 seconds 
========================================================================
Received Import Request.
  Time since last request: 0.000038 seconds.
  path: Assets/Models/EnvironmentPack/FBX/Wonder_SecondAge_Level1.fbx
  artifactKey: Guid(6f979fc388de31c409d0b8c3142ddb77) Importer(815301076,1909f56bfc062723c751e8b465ee728b)
Start importing Assets/Models/EnvironmentPack/FBX/Wonder_SecondAge_Level1.fbx using Guid(6f979fc388de31c409d0b8c3142ddb77) Importer(815301076,1909f56bfc062723c751e8b465ee728b)  -> (artifact id: 'fb7d2cf77cf3fbfbb0c3edd95388eb3b') in 0.036737 seconds 
========================================================================
Received Import Request.
  Time since last request: 0.000019 seconds.
  path: Assets/Models/EnvironmentPack/FBX/Wonder_FirstAge_Level3.fbx
  artifactKey: Guid(31ab77ace4d709340a71f901cdbb2e7b) Importer(815301076,1909f56bfc062723c751e8b465ee728b)
Start importing Assets/Models/EnvironmentPack/FBX/Wonder_FirstAge_Level3.fbx using Guid(31ab77ace4d709340a71f901cdbb2e7b) Importer(815301076,1909f56bfc062723c751e8b465ee728b)  -> (artifact id: '719c507930b001267ed7423b660fe179') in 0.031746 seconds 
========================================================================
Received Import Request.
  Time since last request: 39.453666 seconds.
  path: Assets/SimpleNaturePack/Models/Bush_01.fbx
  artifactKey: Guid(d8ea93d2d4757e444a5349f4bc849128) Importer(815301076,1909f56bfc062723c751e8b465ee728b)
Start importing Assets/SimpleNaturePack/Models/Bush_01.fbx using Guid(d8ea93d2d4757e444a5349f4bc849128) Importer(815301076,1909f56bfc062723c751e8b465ee728b)  -> (artifact id: 'a3eec322f77e855061e5e581cd8af79b') in 0.025943 seconds 
========================================================================
Received Import Request.
  Time since last request: 0.000020 seconds.
  path: Assets/SimpleNaturePack/Models/Stump_01.fbx
  artifactKey: Guid(768be665aba8b4e4aae7a973ae9616cf) Importer(815301076,1909f56bfc062723c751e8b465ee728b)
Start importing Assets/SimpleNaturePack/Models/Stump_01.fbx using Guid(768be665aba8b4e4aae7a973ae9616cf) Importer(815301076,1909f56bfc062723c751e8b465ee728b)  -> (artifact id: 'f072f4efdf852833ff11a79d770b0656') in 0.028954 seconds 
========================================================================
Received Import Request.
  Time since last request: 0.000026 seconds.
  path: Assets/SimpleNaturePack/Models/Tree_04.fbx
  artifactKey: Guid(83e8d2542718a2e49a73d71c3a5fc685) Importer(815301076,1909f56bfc062723c751e8b465ee728b)
Start importing Assets/SimpleNaturePack/Models/Tree_04.fbx using Guid(83e8d2542718a2e49a73d71c3a5fc685) Importer(815301076,1909f56bfc062723c751e8b465ee728b)  -> (artifact id: '564c365308bd333a84236dbe2f8af489') in 0.027235 seconds 
========================================================================
Received Import Request.
  Time since last request: 0.000027 seconds.
  path: Assets/SimpleNaturePack/Models/Rock_05.fbx
  artifactKey: Guid(fa2e670bb3648a84b9df8d16da25b85e) Importer(815301076,1909f56bfc062723c751e8b465ee728b)
Start importing Assets/SimpleNaturePack/Models/Rock_05.fbx using Guid(fa2e670bb3648a84b9df8d16da25b85e) Importer(815301076,1909f56bfc062723c751e8b465ee728b)  -> (artifact id: '4a373c69ab1bde986d56e5cfdeab20d6') in 0.020272 seconds 
========================================================================
Received Import Request.
  Time since last request: 0.000024 seconds.
  path: Assets/SimpleNaturePack/Models/Ground_03.fbx
  artifactKey: Guid(661464e19c087564badb2bf5230c842c) Importer(815301076,1909f56bfc062723c751e8b465ee728b)
Start importing Assets/SimpleNaturePack/Models/Ground_03.fbx using Guid(661464e19c087564badb2bf5230c842c) Importer(815301076,1909f56bfc062723c751e8b465ee728b)  -> (artifact id: '00170bc5e194f817bb5d89550dc7e19b') in 0.021392 seconds 
========================================================================
Received Import Request.
  Time since last request: 0.000078 seconds.
  path: Assets/SimpleNaturePack/Models/Bush_03.fbx
  artifactKey: Guid(7b5a098d913a3c74692a2a9963dbd3ba) Importer(815301076,1909f56bfc062723c751e8b465ee728b)
Start importing Assets/SimpleNaturePack/Models/Bush_03.fbx using Guid(7b5a098d913a3c74692a2a9963dbd3ba) Importer(815301076,1909f56bfc062723c751e8b465ee728b)  -> (artifact id: '3f6052c97598984cee42f10e6431cad5') in 0.029831 seconds 
========================================================================
Received Import Request.
  Time since last request: 0.000027 seconds.
  path: Assets/SimpleNaturePack/Models/Tree_05.fbx
  artifactKey: Guid(603970f97e50c56488ec3c5a6febd940) Importer(815301076,1909f56bfc062723c751e8b465ee728b)
Start importing Assets/SimpleNaturePack/Models/Tree_05.fbx using Guid(603970f97e50c56488ec3c5a6febd940) Importer(815301076,1909f56bfc062723c751e8b465ee728b)  -> (artifact id: 'af565b621ecfc4780bfd3667d8ea0532') in 0.030234 seconds 
========================================================================
Received Import Request.
  Time since last request: 0.000027 seconds.
  path: Assets/SimpleNaturePack/Models/Flowers_01.fbx
  artifactKey: Guid(b5a80b3e2a089b841b155d7c7f461e7c) Importer(815301076,1909f56bfc062723c751e8b465ee728b)
Start importing Assets/SimpleNaturePack/Models/Flowers_01.fbx using Guid(b5a80b3e2a089b841b155d7c7f461e7c) Importer(815301076,1909f56bfc062723c751e8b465ee728b)  -> (artifact id: '01694b4805b6a607304479cd794271b8') in 0.033324 seconds 
========================================================================
Received Import Request.
  Time since last request: 0.000020 seconds.
  path: Assets/SimpleNaturePack/Models/Rock_03.fbx
  artifactKey: Guid(14125b656fb71fd4d9d65bfe344107ad) Importer(815301076,1909f56bfc062723c751e8b465ee728b)
Start importing Assets/SimpleNaturePack/Models/Rock_03.fbx using Guid(14125b656fb71fd4d9d65bfe344107ad) Importer(815301076,1909f56bfc062723c751e8b465ee728b)  -> (artifact id: '0b16f9dbf86857fb83e07eb97470fd8b') in 0.022586 seconds 
========================================================================
Received Import Request.
  Time since last request: 0.000020 seconds.
  path: Assets/SimpleNaturePack/Models/Ground_02.fbx
  artifactKey: Guid(57d3eed6d2253d24994d5ad37e00aedc) Importer(815301076,1909f56bfc062723c751e8b465ee728b)
Start importing Assets/SimpleNaturePack/Models/Ground_02.fbx using Guid(57d3eed6d2253d24994d5ad37e00aedc) Importer(815301076,1909f56bfc062723c751e8b465ee728b)  -> (artifact id: '4760272e6d1abc440d5173627a7a3bdd') in 0.021854 seconds 
========================================================================
Received Import Request.
  Time since last request: 0.000022 seconds.
  path: Assets/SimpleNaturePack/Models/Flowers_02.fbx
  artifactKey: Guid(8ea980fdc4aa5e749b000c1a0d4b9bbc) Importer(815301076,1909f56bfc062723c751e8b465ee728b)
Start importing Assets/SimpleNaturePack/Models/Flowers_02.fbx using Guid(8ea980fdc4aa5e749b000c1a0d4b9bbc) Importer(815301076,1909f56bfc062723c751e8b465ee728b)  -> (artifact id: 'f82805b5fc5a564e1e75845a948cc9e7') in 0.032270 seconds 
========================================================================
Received Import Request.
  Time since last request: 3.002535 seconds.
  path: Assets/SimpleNaturePack/Prefabs/Bush_01.prefab
  artifactKey: Guid(3cdafb3c2f54d434894928d72d282874) Importer(815301076,1909f56bfc062723c751e8b465ee728b)
Start importing Assets/SimpleNaturePack/Prefabs/Bush_01.prefab using Guid(3cdafb3c2f54d434894928d72d282874) Importer(815301076,1909f56bfc062723c751e8b465ee728b)  -> (artifact id: '71b6c3853ae2b83ab062beef04e9d084') in 0.013128 seconds 
========================================================================
Received Import Request.
  Time since last request: 0.000019 seconds.
  path: Assets/SimpleNaturePack/Prefabs/Bush_03.prefab
  artifactKey: Guid(34d3f526198dae440bb2ce6005d86055) Importer(815301076,1909f56bfc062723c751e8b465ee728b)
Start importing Assets/SimpleNaturePack/Prefabs/Bush_03.prefab using Guid(34d3f526198dae440bb2ce6005d86055) Importer(815301076,1909f56bfc062723c751e8b465ee728b)  -> (artifact id: '5c38c683485fa298d34f8ddded0d056a') in 0.012438 seconds 
========================================================================
Received Import Request.
  Time since last request: 0.000017 seconds.
  path: Assets/SimpleNaturePack/Prefabs/Mushroom_02.prefab
  artifactKey: Guid(494f6d43e170e9145bc7865d243ee00b) Importer(815301076,1909f56bfc062723c751e8b465ee728b)
Start importing Assets/SimpleNaturePack/Prefabs/Mushroom_02.prefab using Guid(494f6d43e170e9145bc7865d243ee00b) Importer(815301076,1909f56bfc062723c751e8b465ee728b)  -> (artifact id: '17b1a30775645077cc23db7e53b849dd') in 0.013161 seconds 
========================================================================
Received Import Request.
  Time since last request: 0.000025 seconds.
  path: Assets/SimpleNaturePack/Prefabs/Rock_03.prefab
  artifactKey: Guid(0fde05fa0f3321942a21896ff4f0856f) Importer(815301076,1909f56bfc062723c751e8b465ee728b)
Start importing Assets/SimpleNaturePack/Prefabs/Rock_03.prefab using Guid(0fde05fa0f3321942a21896ff4f0856f) Importer(815301076,1909f56bfc062723c751e8b465ee728b)  -> (artifact id: 'a73d110cae1f9586508a5d247b18ceeb') in 0.013949 seconds 
========================================================================
Received Import Request.
  Time since last request: 0.000031 seconds.
  path: Assets/SimpleNaturePack/Prefabs/Rock_04.prefab
  artifactKey: Guid(f02116c209ecd9e488fc4d2cd8996133) Importer(815301076,1909f56bfc062723c751e8b465ee728b)
Start importing Assets/SimpleNaturePack/Prefabs/Rock_04.prefab using Guid(f02116c209ecd9e488fc4d2cd8996133) Importer(815301076,1909f56bfc062723c751e8b465ee728b)  -> (artifact id: 'ce7e857864d3c2c61f23a708835c85bc') in 0.013745 seconds 
========================================================================
Received Import Request.
  Time since last request: 0.000019 seconds.
  path: Assets/SimpleNaturePack/Prefabs/Ground_03.prefab
  artifactKey: Guid(3f9b178ccd3b86f4ebbfc1f5a2815e56) Importer(815301076,1909f56bfc062723c751e8b465ee728b)
Start importing Assets/SimpleNaturePack/Prefabs/Ground_03.prefab using Guid(3f9b178ccd3b86f4ebbfc1f5a2815e56) Importer(815301076,1909f56bfc062723c751e8b465ee728b)  -> (artifact id: 'a28b15e3673a698dfd4ec5223915ef41') in 0.013832 seconds 
========================================================================
Received Import Request.
  Time since last request: 126.007385 seconds.
  path: Assets/SimpleNaturePack/Prefabs/Grass_01.prefab
  artifactKey: Guid(f1fc5bb90ac285e4486771552d63bcb8) Importer(815301076,1909f56bfc062723c751e8b465ee728b)
Start importing Assets/SimpleNaturePack/Prefabs/Grass_01.prefab using Guid(f1fc5bb90ac285e4486771552d63bcb8) Importer(815301076,1909f56bfc062723c751e8b465ee728b)  -> (artifact id: 'b29aa5f7ba70fee15ed7dfaff7f74508') in 0.014958 seconds 
========================================================================
Received Import Request.
  Time since last request: 1.115521 seconds.
  path: Assets/SimpleNaturePack/Prefabs/Grass_02.prefab
  artifactKey: Guid(ffbddc4ef9676cc419e81e06aaa836d8) Importer(815301076,1909f56bfc062723c751e8b465ee728b)
Start importing Assets/SimpleNaturePack/Prefabs/Grass_02.prefab using Guid(ffbddc4ef9676cc419e81e06aaa836d8) Importer(815301076,1909f56bfc062723c751e8b465ee728b)  -> (artifact id: 'cf52acb9ebfc84113fab87babaddcdad') in 0.013561 seconds 
========================================================================
Received Import Request.
  Time since last request: 1.075126 seconds.
  path: Assets/SimpleNaturePack/Prefabs/Grass_02.prefab
  artifactKey: Guid(ffbddc4ef9676cc419e81e06aaa836d8) Importer(815301076,1909f56bfc062723c751e8b465ee728b)
Start importing Assets/SimpleNaturePack/Prefabs/Grass_02.prefab using Guid(ffbddc4ef9676cc419e81e06aaa836d8) Importer(815301076,1909f56bfc062723c751e8b465ee728b)  -> (artifact id: 'bc656146d43e23414624f49d8a15769a') in 0.013855 seconds 
